Analysis & Synthesis report for display_8bits
Thu Sep 28 09:13:25 2023
Quartus Prime Version 18.1.0 Build 625 09/12/2018 SJ Lite Edition


---------------------
; Table of Contents ;
---------------------
  1. Legal Notice
  2. Analysis & Synthesis Summary
  3. Analysis & Synthesis Settings
  4. Parallel Compilation
  5. Analysis & Synthesis Source Files Read
  6. Analysis & Synthesis Resource Usage Summary
  7. Analysis & Synthesis Resource Utilization by Entity
  8. Analysis & Synthesis IP Cores Summary
  9. General Register Statistics
 10. Parameter Settings for User Entity Instance: div8u:inst|lpm_divide:LPM_DIVIDE_component
 11. Parameter Settings for User Entity Instance: const10:const1|lpm_constant:LPM_CONSTANT_component
 12. Parameter Settings for User Entity Instance: comp0:inst9|lpm_compare:LPM_COMPARE_component
 13. Parameter Settings for User Entity Instance: div8u:inst4|lpm_divide:LPM_DIVIDE_component
 14. Parameter Settings for User Entity Instance: const10:const2|lpm_constant:LPM_CONSTANT_component
 15. Parameter Settings for User Entity Instance: comp0:inst10|lpm_compare:LPM_COMPARE_component
 16. Post-Synthesis Netlist Statistics for Top Partition
 17. Elapsed Time Per Partition
 18. Analysis & Synthesis Messages



----------------
; Legal Notice ;
----------------
Copyright (C) 2018  Intel Corporation. All rights reserved.
Your use of Intel Corporation's design tools, logic functions 
and other software and tools, and its AMPP partner logic 
functions, and any output files from any of the foregoing 
(including device programming or simulation files), and any 
associated documentation or information are expressly subject 
to the terms and conditions of the Intel Program License 
Subscription Agreement, the Intel Quartus Prime License Agreement,
the Intel FPGA IP License Agreement, or other applicable license
agreement, including, without limitation, that your use is for
the sole purpose of programming logic devices manufactured by
Intel and sold by Intel or its authorized distributors.  Please
refer to the applicable agreement for further details.



+-------------------------------------------------------------------------------+
; Analysis & Synthesis Summary                                                  ;
+---------------------------------+---------------------------------------------+
; Analysis & Synthesis Status     ; Successful - Thu Sep 28 09:13:25 2023       ;
; Quartus Prime Version           ; 18.1.0 Build 625 09/12/2018 SJ Lite Edition ;
; Revision Name                   ; display_8bits                               ;
; Top-level Entity Name           ; display_8bits                               ;
; Family                          ; Cyclone V                                   ;
; Logic utilization (in ALMs)     ; N/A                                         ;
; Total registers                 ; 0                                           ;
; Total pins                      ; 29                                          ;
; Total virtual pins              ; 0                                           ;
; Total block memory bits         ; 0                                           ;
; Total DSP Blocks                ; 0                                           ;
; Total HSSI RX PCSs              ; 0                                           ;
; Total HSSI PMA RX Deserializers ; 0                                           ;
; Total HSSI TX PCSs              ; 0                                           ;
; Total HSSI PMA TX Serializers   ; 0                                           ;
; Total PLLs                      ; 0                                           ;
; Total DLLs                      ; 0                                           ;
+---------------------------------+---------------------------------------------+


+---------------------------------------------------------------------------------------------------------------------------+
; Analysis & Synthesis Settings                                                                                             ;
+---------------------------------------------------------------------------------+--------------------+--------------------+
; Option                                                                          ; Setting            ; Default Value      ;
+---------------------------------------------------------------------------------+--------------------+--------------------+
; Device                                                                          ; 5CSEMA5F31C6       ;                    ;
; Top-level entity name                                                           ; display_8bits      ; display_8bits      ;
; Family name                                                                     ; Cyclone V          ; Cyclone V          ;
; Use smart compilation                                                           ; Off                ; Off                ;
; Enable parallel Assembler and Timing Analyzer during compilation                ; On                 ; On                 ;
; Enable compact report table                                                     ; Off                ; Off                ;
; Restructure Multiplexers                                                        ; Auto               ; Auto               ;
; MLAB Add Timing Constraints For Mixed-Port Feed-Through Mode Setting Don't Care ; Off                ; Off                ;
; Create Debugging Nodes for IP Cores                                             ; Off                ; Off                ;
; Preserve fewer node names                                                       ; On                 ; On                 ;
; Intel FPGA IP Evaluation Mode                                                   ; Enable             ; Enable             ;
; Verilog Version                                                                 ; Verilog_2001       ; Verilog_2001       ;
; VHDL Version                                                                    ; VHDL_1993          ; VHDL_1993          ;
; State Machine Processing                                                        ; Auto               ; Auto               ;
; Safe State Machine                                                              ; Off                ; Off                ;
; Extract Verilog State Machines                                                  ; On                 ; On                 ;
; Extract VHDL State Machines                                                     ; On                 ; On                 ;
; Ignore Verilog initial constructs                                               ; Off                ; Off                ;
; Iteration limit for constant Verilog loops                                      ; 5000               ; 5000               ;
; Iteration limit for non-constant Verilog loops                                  ; 250                ; 250                ;
; Add Pass-Through Logic to Inferred RAMs                                         ; On                 ; On                 ;
; Infer RAMs from Raw Logic                                                       ; On                 ; On                 ;
; Parallel Synthesis                                                              ; On                 ; On                 ;
; DSP Block Balancing                                                             ; Auto               ; Auto               ;
; NOT Gate Push-Back                                                              ; On                 ; On                 ;
; Power-Up Don't Care                                                             ; On                 ; On                 ;
; Remove Redundant Logic Cells                                                    ; Off                ; Off                ;
; Remove Duplicate Registers                                                      ; On                 ; On                 ;
; Ignore CARRY Buffers                                                            ; Off                ; Off                ;
; Ignore CASCADE Buffers                                                          ; Off                ; Off                ;
; Ignore GLOBAL Buffers                                                           ; Off                ; Off                ;
; Ignore ROW GLOBAL Buffers                                                       ; Off                ; Off                ;
; Ignore LCELL Buffers                                                            ; Off                ; Off                ;
; Ignore SOFT Buffers                                                             ; On                 ; On                 ;
; Limit AHDL Integers to 32 Bits                                                  ; Off                ; Off                ;
; Optimization Technique                                                          ; Balanced           ; Balanced           ;
; Carry Chain Length                                                              ; 70                 ; 70                 ;
; Auto Carry Chains                                                               ; On                 ; On                 ;
; Auto Open-Drain Pins                                                            ; On                 ; On                 ;
; Perform WYSIWYG Primitive Resynthesis                                           ; Off                ; Off                ;
; Auto ROM Replacement                                                            ; On                 ; On                 ;
; Auto RAM Replacement                                                            ; On                 ; On                 ;
; Auto DSP Block Replacement                                                      ; On                 ; On                 ;
; Auto Shift Register Replacement                                                 ; Auto               ; Auto               ;
; Allow Shift Register Merging across Hierarchies                                 ; Auto               ; Auto               ;
; Auto Clock Enable Replacement                                                   ; On                 ; On                 ;
; Strict RAM Replacement                                                          ; Off                ; Off                ;
; Allow Synchronous Control Signals                                               ; On                 ; On                 ;
; Force Use of Synchronous Clear Signals                                          ; Off                ; Off                ;
; Auto Resource Sharing                                                           ; Off                ; Off                ;
; Allow Any RAM Size For Recognition                                              ; Off                ; Off                ;
; Allow Any ROM Size For Recognition                                              ; Off                ; Off                ;
; Allow Any Shift Register Size For Recognition                                   ; Off                ; Off                ;
; Use LogicLock Constraints during Resource Balancing                             ; On                 ; On                 ;
; Ignore translate_off and synthesis_off directives                               ; Off                ; Off                ;
; Timing-Driven Synthesis                                                         ; On                 ; On                 ;
; Report Parameter Settings                                                       ; On                 ; On                 ;
; Report Source Assignments                                                       ; On                 ; On                 ;
; Report Connectivity Checks                                                      ; On                 ; On                 ;
; Ignore Maximum Fan-Out Assignments                                              ; Off                ; Off                ;
; Synchronization Register Chain Length                                           ; 3                  ; 3                  ;
; Power Optimization During Synthesis                                             ; Normal compilation ; Normal compilation ;
; HDL message level                                                               ; Level2             ; Level2             ;
; Suppress Register Optimization Related Messages                                 ; Off                ; Off                ;
; Number of Removed Registers Reported in Synthesis Report                        ; 5000               ; 5000               ;
; Number of Swept Nodes Reported in Synthesis Report                              ; 5000               ; 5000               ;
; Number of Inverted Registers Reported in Synthesis Report                       ; 100                ; 100                ;
; Clock MUX Protection                                                            ; On                 ; On                 ;
; Auto Gated Clock Conversion                                                     ; Off                ; Off                ;
; Block Design Naming                                                             ; Auto               ; Auto               ;
; SDC constraint protection                                                       ; Off                ; Off                ;
; Synthesis Effort                                                                ; Auto               ; Auto               ;
; Shift Register Replacement - Allow Asynchronous Clear Signal                    ; On                 ; On                 ;
; Pre-Mapping Resynthesis Optimization                                            ; Off                ; Off                ;
; Analysis & Synthesis Message Level                                              ; Medium             ; Medium             ;
; Disable Register Merging Across Hierarchies                                     ; Auto               ; Auto               ;
; Resource Aware Inference For Block RAM                                          ; On                 ; On                 ;
; Automatic Parallel Synthesis                                                    ; On                 ; On                 ;
; Partial Reconfiguration Bitstream ID                                            ; Off                ; Off                ;
+---------------------------------------------------------------------------------+--------------------+--------------------+


+------------------------------------------+
; Parallel Compilation                     ;
+----------------------------+-------------+
; Processors                 ; Number      ;
+----------------------------+-------------+
; Number detected on machine ; 16          ;
; Maximum allowed            ; 16          ;
;                            ;             ;
; Average used               ; 1.00        ;
; Maximum used               ; 1           ;
;                            ;             ;
; Usage by Processor         ; % Time Used ;
;     Processor 1            ; 100.0%      ;
+----------------------------+-------------+


+-----------------------------------------------------------------------------------------------------------------------------------------------------------------------------------------------------------------------+
; Analysis & Synthesis Source Files Read                                                                                                                                                                                ;
+----------------------------------+-----------------+------------------------------------------+-------------------------------------------------------------------------------------------------------------+---------+
; File Name with User-Entered Path ; Used in Netlist ; File Type                                ; File Name with Absolute Path                                                                                ; Library ;
+----------------------------------+-----------------+------------------------------------------+-------------------------------------------------------------------------------------------------------------+---------+
; div8u.v                          ; yes             ; User Wizard-Generated File               ; C:/Users/Mark/OneDrive - Northeastern University/Embeded/Lab/Lab 3/display_8bits/div8u.v                    ;         ;
; display_8bits.bdf                ; yes             ; User Block Diagram/Schematic File        ; C:/Users/Mark/OneDrive - Northeastern University/Embeded/Lab/Lab 3/display_8bits/display_8bits.bdf          ;         ;
; const10.v                        ; yes             ; User Wizard-Generated File               ; C:/Users/Mark/OneDrive - Northeastern University/Embeded/Lab/Lab 3/display_8bits/const10.v                  ;         ;
; comp0.v                          ; yes             ; User Wizard-Generated File               ; C:/Users/Mark/OneDrive - Northeastern University/Embeded/Lab/Lab 3/display_8bits/comp0.v                    ;         ;
; display7_en.bdf                  ; yes             ; Auto-Found Block Diagram/Schematic File  ; C:/Users/Mark/OneDrive - Northeastern University/Embeded/Lab/Lab 3/display_8bits/display7_en.bdf            ;         ;
; display7.bdf                     ; yes             ; Auto-Found Block Diagram/Schematic File  ; C:/Users/Mark/OneDrive - Northeastern University/Embeded/Lab/Lab 3/display_8bits/display7.bdf               ;         ;
; lpm_divide.tdf                   ; yes             ; Megafunction                             ; d:/intelfpga_lite/18.1/quartus/libraries/megafunctions/lpm_divide.tdf                                       ;         ;
; abs_divider.inc                  ; yes             ; Megafunction                             ; d:/intelfpga_lite/18.1/quartus/libraries/megafunctions/abs_divider.inc                                      ;         ;
; sign_div_unsign.inc              ; yes             ; Megafunction                             ; d:/intelfpga_lite/18.1/quartus/libraries/megafunctions/sign_div_unsign.inc                                  ;         ;
; aglobal181.inc                   ; yes             ; Megafunction                             ; d:/intelfpga_lite/18.1/quartus/libraries/megafunctions/aglobal181.inc                                       ;         ;
; db/lpm_divide_kes.tdf            ; yes             ; Auto-Generated Megafunction              ; C:/Users/Mark/OneDrive - Northeastern University/Embeded/Lab/Lab 3/display_8bits/db/lpm_divide_kes.tdf      ;         ;
; db/sign_div_unsign_fkh.tdf       ; yes             ; Auto-Generated Megafunction              ; C:/Users/Mark/OneDrive - Northeastern University/Embeded/Lab/Lab 3/display_8bits/db/sign_div_unsign_fkh.tdf ;         ;
; db/alt_u_div_4te.tdf             ; yes             ; Auto-Generated Megafunction              ; C:/Users/Mark/OneDrive - Northeastern University/Embeded/Lab/Lab 3/display_8bits/db/alt_u_div_4te.tdf       ;         ;
; lpm_constant.tdf                 ; yes             ; Megafunction                             ; d:/intelfpga_lite/18.1/quartus/libraries/megafunctions/lpm_constant.tdf                                     ;         ;
; lpm_compare.tdf                  ; yes             ; Megafunction                             ; d:/intelfpga_lite/18.1/quartus/libraries/megafunctions/lpm_compare.tdf                                      ;         ;
; comptree.inc                     ; yes             ; Megafunction                             ; d:/intelfpga_lite/18.1/quartus/libraries/megafunctions/comptree.inc                                         ;         ;
; altshift.inc                     ; yes             ; Megafunction                             ; d:/intelfpga_lite/18.1/quartus/libraries/megafunctions/altshift.inc                                         ;         ;
; db/cmpr_uji.tdf                  ; yes             ; Auto-Generated Megafunction              ; C:/Users/Mark/OneDrive - Northeastern University/Embeded/Lab/Lab 3/display_8bits/db/cmpr_uji.tdf            ;         ;
+----------------------------------+-----------------+------------------------------------------+-------------------------------------------------------------------------------------------------------------+---------+


+---------------------------------------------------------------------------------------------------------------------------------------------------------------------------------+
; Analysis & Synthesis Resource Usage Summary                                                                                                                                     ;
+---------------------------------------------+-----------------------------------------------------------------------------------------------------------------------------------+
; Resource                                    ; Usage                                                                                                                             ;
+---------------------------------------------+-----------------------------------------------------------------------------------------------------------------------------------+
; Estimate of Logic utilization (ALMs needed) ; 21                                                                                                                                ;
;                                             ;                                                                                                                                   ;
; Combinational ALUT usage for logic          ; 36                                                                                                                                ;
;     -- 7 input functions                    ; 0                                                                                                                                 ;
;     -- 6 input functions                    ; 6                                                                                                                                 ;
;     -- 5 input functions                    ; 14                                                                                                                                ;
;     -- 4 input functions                    ; 6                                                                                                                                 ;
;     -- <=3 input functions                  ; 10                                                                                                                                ;
;                                             ;                                                                                                                                   ;
; Dedicated logic registers                   ; 0                                                                                                                                 ;
;                                             ;                                                                                                                                   ;
; I/O pins                                    ; 29                                                                                                                                ;
;                                             ;                                                                                                                                   ;
; Total DSP Blocks                            ; 0                                                                                                                                 ;
;                                             ;                                                                                                                                   ;
; Maximum fan-out node                        ; div8u:inst|lpm_divide:LPM_DIVIDE_component|lpm_divide_kes:auto_generated|sign_div_unsign_fkh:divider|alt_u_div_4te:divider|op_7~0 ;
; Maximum fan-out                             ; 17                                                                                                                                ;
; Total fan-out                               ; 202                                                                                                                               ;
; Average fan-out                             ; 2.15                                                                                                                              ;
+---------------------------------------------+-----------------------------------------------------------------------------------------------------------------------------------+


+--------------------------------------------------------------------------------------------------------------------------------------------------------------------------------------------------------------------------------------------------------------------------------------------------------------------------------------+
; Analysis & Synthesis Resource Utilization by Entity                                                                                                                                                                                                                                                                                  ;
+-------------------------------------------+---------------------+---------------------------+-------------------+------------+------+--------------+--------------------------------------------------------------------------------------------------------------------------------------------+---------------------+--------------+
; Compilation Hierarchy Node                ; Combinational ALUTs ; Dedicated Logic Registers ; Block Memory Bits ; DSP Blocks ; Pins ; Virtual Pins ; Full Hierarchy Name                                                                                                                        ; Entity Name         ; Library Name ;
+-------------------------------------------+---------------------+---------------------------+-------------------+------------+------+--------------+--------------------------------------------------------------------------------------------------------------------------------------------+---------------------+--------------+
; |display_8bits                            ; 36 (0)              ; 0 (0)                     ; 0                 ; 0          ; 29   ; 0            ; |display_8bits                                                                                                                             ; display_8bits       ; work         ;
;    |display7_en:inst1|                    ; 8 (0)               ; 0 (0)                     ; 0                 ; 0          ; 0    ; 0            ; |display_8bits|display7_en:inst1                                                                                                           ; display7_en         ; work         ;
;       |display7:inst|                     ; 8 (8)               ; 0 (0)                     ; 0                 ; 0          ; 0    ; 0            ; |display_8bits|display7_en:inst1|display7:inst                                                                                             ; display7            ; work         ;
;    |display7_en:inst2|                    ; 7 (7)               ; 0 (0)                     ; 0                 ; 0          ; 0    ; 0            ; |display_8bits|display7_en:inst2                                                                                                           ; display7_en         ; work         ;
;    |display7_en:inst3|                    ; 2 (2)               ; 0 (0)                     ; 0                 ; 0          ; 0    ; 0            ; |display_8bits|display7_en:inst3                                                                                                           ; display7_en         ; work         ;
;    |div8u:inst4|                          ; 2 (0)               ; 0 (0)                     ; 0                 ; 0          ; 0    ; 0            ; |display_8bits|div8u:inst4                                                                                                                 ; div8u               ; work         ;
;       |lpm_divide:LPM_DIVIDE_component|   ; 2 (0)               ; 0 (0)                     ; 0                 ; 0          ; 0    ; 0            ; |display_8bits|div8u:inst4|lpm_divide:LPM_DIVIDE_component                                                                                 ; lpm_divide          ; work         ;
;          |lpm_divide_kes:auto_generated|  ; 2 (0)               ; 0 (0)                     ; 0                 ; 0          ; 0    ; 0            ; |display_8bits|div8u:inst4|lpm_divide:LPM_DIVIDE_component|lpm_divide_kes:auto_generated                                                   ; lpm_divide_kes      ; work         ;
;             |sign_div_unsign_fkh:divider| ; 2 (0)               ; 0 (0)                     ; 0                 ; 0          ; 0    ; 0            ; |display_8bits|div8u:inst4|lpm_divide:LPM_DIVIDE_component|lpm_divide_kes:auto_generated|sign_div_unsign_fkh:divider                       ; sign_div_unsign_fkh ; work         ;
;                |alt_u_div_4te:divider|    ; 2 (2)               ; 0 (0)                     ; 0                 ; 0          ; 0    ; 0            ; |display_8bits|div8u:inst4|lpm_divide:LPM_DIVIDE_component|lpm_divide_kes:auto_generated|sign_div_unsign_fkh:divider|alt_u_div_4te:divider ; alt_u_div_4te       ; work         ;
;    |div8u:inst|                           ; 17 (0)              ; 0 (0)                     ; 0                 ; 0          ; 0    ; 0            ; |display_8bits|div8u:inst                                                                                                                  ; div8u               ; work         ;
;       |lpm_divide:LPM_DIVIDE_component|   ; 17 (0)              ; 0 (0)                     ; 0                 ; 0          ; 0    ; 0            ; |display_8bits|div8u:inst|lpm_divide:LPM_DIVIDE_component                                                                                  ; lpm_divide          ; work         ;
;          |lpm_divide_kes:auto_generated|  ; 17 (0)              ; 0 (0)                     ; 0                 ; 0          ; 0    ; 0            ; |display_8bits|div8u:inst|lpm_divide:LPM_DIVIDE_component|lpm_divide_kes:auto_generated                                                    ; lpm_divide_kes      ; work         ;
;             |sign_div_unsign_fkh:divider| ; 17 (0)              ; 0 (0)                     ; 0                 ; 0          ; 0    ; 0            ; |display_8bits|div8u:inst|lpm_divide:LPM_DIVIDE_component|lpm_divide_kes:auto_generated|sign_div_unsign_fkh:divider                        ; sign_div_unsign_fkh ; work         ;
;                |alt_u_div_4te:divider|    ; 17 (17)             ; 0 (0)                     ; 0                 ; 0          ; 0    ; 0            ; |display_8bits|div8u:inst|lpm_divide:LPM_DIVIDE_component|lpm_divide_kes:auto_generated|sign_div_unsign_fkh:divider|alt_u_div_4te:divider  ; alt_u_div_4te       ; work         ;
+-------------------------------------------+---------------------+---------------------------+-------------------+------------+------+--------------+--------------------------------------------------------------------------------------------------------------------------------------------+---------------------+--------------+
Note: For table entries with two numbers listed, the numbers in parentheses indicate the number of resources of the given type used by the specific entity alone. The numbers listed outside of parentheses indicate the total resources of the given type used by the specific entity and all of its sub-entities in the hierarchy.


+-----------------------------------------------------------------------------------------------------------------+
; Analysis & Synthesis IP Cores Summary                                                                           ;
+--------+--------------+---------+--------------+--------------+-------------------------------+-----------------+
; Vendor ; IP Core Name ; Version ; Release Date ; License Type ; Entity Instance               ; IP Include File ;
+--------+--------------+---------+--------------+--------------+-------------------------------+-----------------+
; Altera ; LPM_CONSTANT ; 18.1    ; N/A          ; N/A          ; |display_8bits|const10:const1 ; const10.v       ;
; Altera ; LPM_CONSTANT ; 18.1    ; N/A          ; N/A          ; |display_8bits|const10:const2 ; const10.v       ;
; Altera ; LPM_DIVIDE   ; 18.1    ; N/A          ; N/A          ; |display_8bits|div8u:inst     ; div8u.v         ;
; Altera ; LPM_DIVIDE   ; 18.1    ; N/A          ; N/A          ; |display_8bits|div8u:inst4    ; div8u.v         ;
; Altera ; LPM_COMPARE  ; 18.1    ; N/A          ; N/A          ; |display_8bits|comp0:inst9    ; comp0.v         ;
; Altera ; LPM_COMPARE  ; 18.1    ; N/A          ; N/A          ; |display_8bits|comp0:inst10   ; comp0.v         ;
+--------+--------------+---------+--------------+--------------+-------------------------------+-----------------+


+------------------------------------------------------+
; General Register Statistics                          ;
+----------------------------------------------+-------+
; Statistic                                    ; Value ;
+----------------------------------------------+-------+
; Total registers                              ; 0     ;
; Number of registers using Synchronous Clear  ; 0     ;
; Number of registers using Synchronous Load   ; 0     ;
; Number of registers using Asynchronous Clear ; 0     ;
; Number of registers using Asynchronous Load  ; 0     ;
; Number of registers using Clock Enable       ; 0     ;
; Number of registers using Preset             ; 0     ;
+----------------------------------------------+-------+


+-----------------------------------------------------------------------------------------+
; Parameter Settings for User Entity Instance: div8u:inst|lpm_divide:LPM_DIVIDE_component ;
+------------------------+----------------+-----------------------------------------------+
; Parameter Name         ; Value          ; Type                                          ;
+------------------------+----------------+-----------------------------------------------+
; LPM_WIDTHN             ; 8              ; Signed Integer                                ;
; LPM_WIDTHD             ; 8              ; Signed Integer                                ;
; LPM_NREPRESENTATION    ; UNSIGNED       ; Untyped                                       ;
; LPM_DREPRESENTATION    ; UNSIGNED       ; Untyped                                       ;
; LPM_PIPELINE           ; 0              ; Untyped                                       ;
; LPM_REMAINDERPOSITIVE  ; TRUE           ; Untyped                                       ;
; MAXIMIZE_SPEED         ; 5              ; Untyped                                       ;
; CBXI_PARAMETER         ; lpm_divide_kes ; Untyped                                       ;
; CARRY_CHAIN            ; MANUAL         ; Untyped                                       ;
; OPTIMIZE_FOR_SPEED     ; 5              ; Untyped                                       ;
; AUTO_CARRY_CHAINS      ; ON             ; AUTO_CARRY                                    ;
; IGNORE_CARRY_BUFFERS   ; OFF            ; IGNORE_CARRY                                  ;
; AUTO_CASCADE_CHAINS    ; ON             ; AUTO_CASCADE                                  ;
; IGNORE_CASCADE_BUFFERS ; OFF            ; IGNORE_CASCADE                                ;
+------------------------+----------------+-----------------------------------------------+
Note: In order to hide this table in the UI and the text report file, please set the "Show Parameter Settings in Synthesis Report" option in "Analysis and Synthesis Settings -> More Settings" to "Off".


+-------------------------------------------------------------------------------------------------+
; Parameter Settings for User Entity Instance: const10:const1|lpm_constant:LPM_CONSTANT_component ;
+--------------------+------------------+---------------------------------------------------------+
; Parameter Name     ; Value            ; Type                                                    ;
+--------------------+------------------+---------------------------------------------------------+
; LPM_WIDTH          ; 8                ; Signed Integer                                          ;
; LPM_CVALUE         ; 10               ; Signed Integer                                          ;
; ENABLE_RUNTIME_MOD ; NO               ; Untyped                                                 ;
; CBXI_PARAMETER     ; lpm_constant_bh6 ; Untyped                                                 ;
+--------------------+------------------+---------------------------------------------------------+
Note: In order to hide this table in the UI and the text report file, please set the "Show Parameter Settings in Synthesis Report" option in "Analysis and Synthesis Settings -> More Settings" to "Off".


+--------------------------------------------------------------------------------------------+
; Parameter Settings for User Entity Instance: comp0:inst9|lpm_compare:LPM_COMPARE_component ;
+------------------------+-----------+-------------------------------------------------------+
; Parameter Name         ; Value     ; Type                                                  ;
+------------------------+-----------+-------------------------------------------------------+
; lpm_width              ; 8         ; Signed Integer                                        ;
; LPM_REPRESENTATION     ; UNSIGNED  ; Untyped                                               ;
; LPM_PIPELINE           ; 0         ; Untyped                                               ;
; CHAIN_SIZE             ; 8         ; Untyped                                               ;
; ONE_INPUT_IS_CONSTANT  ; YES       ; Untyped                                               ;
; CARRY_CHAIN            ; MANUAL    ; Untyped                                               ;
; CASCADE_CHAIN          ; MANUAL    ; Untyped                                               ;
; CARRY_CHAIN_LENGTH     ; 48        ; CARRY_CHAIN_LENGTH                                    ;
; CASCADE_CHAIN_LENGTH   ; 2         ; CASCADE_CHAIN_LENGTH                                  ;
; DEVICE_FAMILY          ; Cyclone V ; Untyped                                               ;
; CBXI_PARAMETER         ; cmpr_uji  ; Untyped                                               ;
; AUTO_CARRY_CHAINS      ; ON        ; AUTO_CARRY                                            ;
; IGNORE_CARRY_BUFFERS   ; OFF       ; IGNORE_CARRY                                          ;
; AUTO_CASCADE_CHAINS    ; ON        ; AUTO_CASCADE                                          ;
; IGNORE_CASCADE_BUFFERS ; OFF       ; IGNORE_CASCADE                                        ;
+------------------------+-----------+-------------------------------------------------------+
Note: In order to hide this table in the UI and the text report file, please set the "Show Parameter Settings in Synthesis Report" option in "Analysis and Synthesis Settings -> More Settings" to "Off".


+------------------------------------------------------------------------------------------+
; Parameter Settings for User Entity Instance: div8u:inst4|lpm_divide:LPM_DIVIDE_component ;
+------------------------+----------------+------------------------------------------------+
; Parameter Name         ; Value          ; Type                                           ;
+------------------------+----------------+------------------------------------------------+
; LPM_WIDTHN             ; 8              ; Signed Integer                                 ;
; LPM_WIDTHD             ; 8              ; Signed Integer                                 ;
; LPM_NREPRESENTATION    ; UNSIGNED       ; Untyped                                        ;
; LPM_DREPRESENTATION    ; UNSIGNED       ; Untyped                                        ;
; LPM_PIPELINE           ; 0              ; Untyped                                        ;
; LPM_REMAINDERPOSITIVE  ; TRUE           ; Untyped                                        ;
; MAXIMIZE_SPEED         ; 5              ; Untyped                                        ;
; CBXI_PARAMETER         ; lpm_divide_kes ; Untyped                                        ;
; CARRY_CHAIN            ; MANUAL         ; Untyped                                        ;
; OPTIMIZE_FOR_SPEED     ; 5              ; Untyped                                        ;
; AUTO_CARRY_CHAINS      ; ON             ; AUTO_CARRY                                     ;
; IGNORE_CARRY_BUFFERS   ; OFF            ; IGNORE_CARRY                                   ;
; AUTO_CASCADE_CHAINS    ; ON             ; AUTO_CASCADE                                   ;
; IGNORE_CASCADE_BUFFERS ; OFF            ; IGNORE_CASCADE                                 ;
+------------------------+----------------+------------------------------------------------+
Note: In order to hide this table in the UI and the text report file, please set the "Show Parameter Settings in Synthesis Report" option in "Analysis and Synthesis Settings -> More Settings" to "Off".


+-------------------------------------------------------------------------------------------------+
; Parameter Settings for User Entity Instance: const10:const2|lpm_constant:LPM_CONSTANT_component ;
+--------------------+------------------+---------------------------------------------------------+
; Parameter Name     ; Value            ; Type                                                    ;
+--------------------+------------------+---------------------------------------------------------+
; LPM_WIDTH          ; 8                ; Signed Integer                                          ;
; LPM_CVALUE         ; 10               ; Signed Integer                                          ;
; ENABLE_RUNTIME_MOD ; NO               ; Untyped                                                 ;
; CBXI_PARAMETER     ; lpm_constant_bh6 ; Untyped                                                 ;
+--------------------+------------------+---------------------------------------------------------+
Note: In order to hide this table in the UI and the text report file, please set the "Show Parameter Settings in Synthesis Report" option in "Analysis and Synthesis Settings -> More Settings" to "Off".


+---------------------------------------------------------------------------------------------+
; Parameter Settings for User Entity Instance: comp0:inst10|lpm_compare:LPM_COMPARE_component ;
+------------------------+-----------+--------------------------------------------------------+
; Parameter Name         ; Value     ; Type                                                   ;
+------------------------+-----------+--------------------------------------------------------+
; lpm_width              ; 8         ; Signed Integer                                         ;
; LPM_REPRESENTATION     ; UNSIGNED  ; Untyped                                                ;
; LPM_PIPELINE           ; 0         ; Untyped                                                ;
; CHAIN_SIZE             ; 8         ; Untyped                                                ;
; ONE_INPUT_IS_CONSTANT  ; YES       ; Untyped                                                ;
; CARRY_CHAIN            ; MANUAL    ; Untyped                                                ;
; CASCADE_CHAIN          ; MANUAL    ; Untyped                                                ;
; CARRY_CHAIN_LENGTH     ; 48        ; CARRY_CHAIN_LENGTH                                     ;
; CASCADE_CHAIN_LENGTH   ; 2         ; CASCADE_CHAIN_LENGTH                                   ;
; DEVICE_FAMILY          ; Cyclone V ; Untyped                                                ;
; CBXI_PARAMETER         ; cmpr_uji  ; Untyped                                                ;
; AUTO_CARRY_CHAINS      ; ON        ; AUTO_CARRY                                             ;
; IGNORE_CARRY_BUFFERS   ; OFF       ; IGNORE_CARRY                                           ;
; AUTO_CASCADE_CHAINS    ; ON        ; AUTO_CASCADE                                           ;
; IGNORE_CASCADE_BUFFERS ; OFF       ; IGNORE_CASCADE                                         ;
+------------------------+-----------+--------------------------------------------------------+
Note: In order to hide this table in the UI and the text report file, please set the "Show Parameter Settings in Synthesis Report" option in "Analysis and Synthesis Settings -> More Settings" to "Off".


+-----------------------------------------------------+
; Post-Synthesis Netlist Statistics for Top Partition ;
+-----------------------+-----------------------------+
; Type                  ; Count                       ;
+-----------------------+-----------------------------+
; arriav_lcell_comb     ; 48                          ;
;     arith             ; 8                           ;
;         0 data inputs ; 3                           ;
;         1 data inputs ; 1                           ;
;         2 data inputs ; 1                           ;
;         3 data inputs ; 1                           ;
;         4 data inputs ; 2                           ;
;     normal            ; 40                          ;
;         0 data inputs ; 1                           ;
;         1 data inputs ; 11                          ;
;         2 data inputs ; 2                           ;
;         3 data inputs ; 2                           ;
;         4 data inputs ; 4                           ;
;         5 data inputs ; 14                          ;
;         6 data inputs ; 6                           ;
; boundary_port         ; 29                          ;
;                       ;                             ;
; Max LUT depth         ; 4.60                        ;
; Average LUT depth     ; 4.18                        ;
+-----------------------+-----------------------------+


+-------------------------------+
; Elapsed Time Per Partition    ;
+----------------+--------------+
; Partition Name ; Elapsed Time ;
+----------------+--------------+
; Top            ; 00:00:01     ;
+----------------+--------------+


+-------------------------------+
; Analysis & Synthesis Messages ;
+-------------------------------+
Info: *******************************************************************
Info: Running Quartus Prime Analysis & Synthesis
    Info: Version 18.1.0 Build 625 09/12/2018 SJ Lite Edition
    Info: Processing started: Thu Sep 28 09:13:11 2023
Info: Command: quartus_map --read_settings_files=on --write_settings_files=off display_8bits -c display_8bits
Warning (18236): Number of processors has not been specified which may cause overloading on shared machines.  Set the global assignment NUM_PARALLEL_PROCESSORS in your QSF to an appropriate value for best performance.
Info (20030): Parallel compilation is enabled and will use 16 of the 16 processors detected
Info (12021): Found 1 design units, including 1 entities, in source file div8u.v
    Info (12023): Found entity 1: div8u File: C:/Users/Mark/OneDrive - Northeastern University/Embeded/Lab/Lab 3/display_8bits/div8u.v Line: 39
Info (12021): Found 1 design units, including 1 entities, in source file display_8bits.bdf
    Info (12023): Found entity 1: display_8bits
Info (12021): Found 1 design units, including 1 entities, in source file const10.v
    Info (12023): Found entity 1: const10 File: C:/Users/Mark/OneDrive - Northeastern University/Embeded/Lab/Lab 3/display_8bits/const10.v Line: 39
Info (12021): Found 1 design units, including 1 entities, in source file comp0.v
    Info (12023): Found entity 1: comp0 File: C:/Users/Mark/OneDrive - Northeastern University/Embeded/Lab/Lab 3/display_8bits/comp0.v Line: 39
Info (12127): Elaborating entity "display_8bits" for the top level hierarchy
Warning (12125): Using design file display7_en.bdf, which is not specified as a design file for the current project, but contains definitions for 1 design units and 1 entities in project
    Info (12023): Found entity 1: display7_en
Info (12128): Elaborating entity "display7_en" for hierarchy "display7_en:inst1"
Warning (12125): Using design file display7.bdf, which is not specified as a design file for the current project, but contains definitions for 1 design units and 1 entities in project
    Info (12023): Found entity 1: display7
Info (12128): Elaborating entity "display7" for hierarchy "display7_en:inst1|display7:inst"
Info (12128): Elaborating entity "div8u" for hierarchy "div8u:inst"
Info (12128): Elaborating entity "lpm_divide" for hierarchy "div8u:inst|lpm_divide:LPM_DIVIDE_component" File: C:/Users/Mark/OneDrive - Northeastern University/Embeded/Lab/Lab 3/display_8bits/div8u.v Line: 62
Info (12130): Elaborated megafunction instantiation "div8u:inst|lpm_divide:LPM_DIVIDE_component" File: C:/Users/Mark/OneDrive - Northeastern University/Embeded/Lab/Lab 3/display_8bits/div8u.v Line: 62
Info (12133): Instantiated megafunction "div8u:inst|lpm_divide:LPM_DIVIDE_component" with the following parameter: File: C:/Users/Mark/OneDrive - Northeastern University/Embeded/Lab/Lab 3/display_8bits/div8u.v Line: 62
    Info (12134): Parameter "lpm_drepresentation" = "UNSIGNED"
    Info (12134): Parameter "lpm_hint" = "LPM_REMAINDERPOSITIVE=TRUE"
    Info (12134): Parameter "lpm_nrepresentation" = "UNSIGNED"
    Info (12134): Parameter "lpm_type" = "LPM_DIVIDE"
    Info (12134): Parameter "lpm_widthd" = "8"
    Info (12134): Parameter "lpm_widthn" = "8"
Info (12021): Found 1 design units, including 1 entities, in source file db/lpm_divide_kes.tdf
    Info (12023): Found entity 1: lpm_divide_kes File: C:/Users/Mark/OneDrive - Northeastern University/Embeded/Lab/Lab 3/display_8bits/db/lpm_divide_kes.tdf Line: 24
Info (12128): Elaborating entity "lpm_divide_kes" for hierarchy "div8u:inst|lpm_divide:LPM_DIVIDE_component|lpm_divide_kes:auto_generated" File: d:/intelfpga_lite/18.1/quartus/libraries/megafunctions/lpm_divide.tdf Line: 147
Info (12021): Found 1 design units, including 1 entities, in source file db/sign_div_unsign_fkh.tdf
    Info (12023): Found entity 1: sign_div_unsign_fkh File: C:/Users/Mark/OneDrive - Northeastern University/Embeded/Lab/Lab 3/display_8bits/db/sign_div_unsign_fkh.tdf Line: 24
Info (12128): Elaborating entity "sign_div_unsign_fkh" for hierarchy "div8u:inst|lpm_divide:LPM_DIVIDE_component|lpm_divide_kes:auto_generated|sign_div_unsign_fkh:divider" File: C:/Users/Mark/OneDrive - Northeastern University/Embeded/Lab/Lab 3/display_8bits/db/lpm_divide_kes.tdf Line: 35
Info (12021): Found 1 design units, including 1 entities, in source file db/alt_u_div_4te.tdf
    Info (12023): Found entity 1: alt_u_div_4te File: C:/Users/Mark/OneDrive - Northeastern University/Embeded/Lab/Lab 3/display_8bits/db/alt_u_div_4te.tdf Line: 22
Info (12128): Elaborating entity "alt_u_div_4te" for hierarchy "div8u:inst|lpm_divide:LPM_DIVIDE_component|lpm_divide_kes:auto_generated|sign_div_unsign_fkh:divider|alt_u_div_4te:divider" File: C:/Users/Mark/OneDrive - Northeastern University/Embeded/Lab/Lab 3/display_8bits/db/sign_div_unsign_fkh.tdf Line: 32
Info (12128): Elaborating entity "const10" for hierarchy "const10:const1"
Info (12128): Elaborating entity "lpm_constant" for hierarchy "const10:const1|lpm_constant:LPM_CONSTANT_component" File: C:/Users/Mark/OneDrive - Northeastern University/Embeded/Lab/Lab 3/display_8bits/const10.v Line: 48
Info (12130): Elaborated megafunction instantiation "const10:const1|lpm_constant:LPM_CONSTANT_component" File: C:/Users/Mark/OneDrive - Northeastern University/Embeded/Lab/Lab 3/display_8bits/const10.v Line: 48
Info (12133): Instantiated megafunction "const10:const1|lpm_constant:LPM_CONSTANT_component" with the following parameter: File: C:/Users/Mark/OneDrive - Northeastern University/Embeded/Lab/Lab 3/display_8bits/const10.v Line: 48
    Info (12134): Parameter "lpm_cvalue" = "10"
    Info (12134): Parameter "lpm_hint" = "ENABLE_RUNTIME_MOD=NO"
    Info (12134): Parameter "lpm_type" = "LPM_CONSTANT"
    Info (12134): Parameter "lpm_width" = "8"
Info (12128): Elaborating entity "comp0" for hierarchy "comp0:inst9"
Info (12128): Elaborating entity "lpm_compare" for hierarchy "comp0:inst9|lpm_compare:LPM_COMPARE_component" File: C:/Users/Mark/OneDrive - Northeastern University/Embeded/Lab/Lab 3/display_8bits/comp0.v Line: 61
Info (12130): Elaborated megafunction instantiation "comp0:inst9|lpm_compare:LPM_COMPARE_component" File: C:/Users/Mark/OneDrive - Northeastern University/Embeded/Lab/Lab 3/display_8bits/comp0.v Line: 61
Info (12133): Instantiated megafunction "comp0:inst9|lpm_compare:LPM_COMPARE_component" with the following parameter: File: C:/Users/Mark/OneDrive - Northeastern University/Embeded/Lab/Lab 3/display_8bits/comp0.v Line: 61
    Info (12134): Parameter "lpm_hint" = "ONE_INPUT_IS_CONSTANT=YES"
    Info (12134): Parameter "lpm_representation" = "UNSIGNED"
    Info (12134): Parameter "lpm_type" = "LPM_COMPARE"
    Info (12134): Parameter "lpm_width" = "8"
Info (12021): Found 1 design units, including 1 entities, in source file db/cmpr_uji.tdf
    Info (12023): Found entity 1: cmpr_uji File: C:/Users/Mark/OneDrive - Northeastern University/Embeded/Lab/Lab 3/display_8bits/db/cmpr_uji.tdf Line: 22
Info (12128): Elaborating entity "cmpr_uji" for hierarchy "comp0:inst9|lpm_compare:LPM_COMPARE_component|cmpr_uji:auto_generated" File: d:/intelfpga_lite/18.1/quartus/libraries/megafunctions/lpm_compare.tdf Line: 280
Warning (13024): Output pins are stuck at VCC or GND
    Warning (13410): Pin "3f" is stuck at VCC
Info (286030): Timing-Driven Synthesis is running
Info (16010): Generating hard_block partition "hard_block:auto_generated_inst"
    Info (16011): Adding 0 node(s), including 0 DDIO, 0 PLL, 0 transceiver and 0 LCELL
Info (21057): Implemented 65 device resources after synthesis - the final resource count might be different
    Info (21058): Implemented 8 input pins
    Info (21059): Implemented 21 output pins
    Info (21061): Implemented 36 logic cells
Info: Quartus Prime Analysis & Synthesis was successful. 0 errors, 5 warnings
    Info: Peak virtual memory: 4851 megabytes
    Info: Processing ended: Thu Sep 28 09:13:25 2023
    Info: Elapsed time: 00:00:14
    Info: Total CPU time (on all processors): 00:00:12


