Analysis & Synthesis report for OneServo
Thu Oct 12 18:21:39 2023
Quartus Prime Version 18.1.0 Build 625 09/12/2018 SJ Lite Edition


---------------------
; Table of Contents ;
---------------------
  1. Legal Notice
  2. Analysis & Synthesis Summary
  3. Analysis & Synthesis Settings
  4. Parallel Compilation
  5. Analysis & Synthesis Source Files Read
  6. Analysis & Synthesis Resource Usage Summary
  7. Analysis & Synthesis Resource Utilization by Entity
  8. Analysis & Synthesis DSP Block Usage Summary
  9. Analysis & Synthesis IP Cores Summary
 10. General Register Statistics
 11. Parameter Settings for User Entity Instance: DutyCycleComparator:compare|lpm_compare:LPM_COMPARE_component
 12. Parameter Settings for User Entity Instance: pwm_period:counter1|lpm_counter:LPM_COUNTER_component
 13. Parameter Settings for User Entity Instance: Add:inst|lpm_add_sub:LPM_ADD_SUB_component
 14. Parameter Settings for User Entity Instance: Multiply:inst9|lpm_mult:lpm_mult_component
 15. Parameter Settings for User Entity Instance: DegreeCounter:counter2|lpm_counter:LPM_COUNTER_component
 16. Parameter Settings for User Entity Instance: debounce_p:inst4|Compare:inst3|lpm_compare:LPM_COMPARE_component
 17. Parameter Settings for User Entity Instance: debounce_p:inst4|Counter32:CounterA|lpm_counter:LPM_COUNTER_component
 18. Parameter Settings for User Entity Instance: Compare0:inst10|lpm_compare:LPM_COMPARE_component
 19. Parameter Settings for User Entity Instance: Compare18:inst11|lpm_compare:LPM_COMPARE_component
 20. lpm_mult Parameter Settings by Entity Instance
 21. Post-Synthesis Netlist Statistics for Top Partition
 22. Elapsed Time Per Partition
 23. Analysis & Synthesis Messages



----------------
; Legal Notice ;
----------------
Copyright (C) 2018  Intel Corporation. All rights reserved.
Your use of Intel Corporation's design tools, logic functions 
and other software and tools, and its AMPP partner logic 
functions, and any output files from any of the foregoing 
(including device programming or simulation files), and any 
associated documentation or information are expressly subject 
to the terms and conditions of the Intel Program License 
Subscription Agreement, the Intel Quartus Prime License Agreement,
the Intel FPGA IP License Agreement, or other applicable license
agreement, including, without limitation, that your use is for
the sole purpose of programming logic devices manufactured by
Intel and sold by Intel or its authorized distributors.  Please
refer to the applicable agreement for further details.



+-------------------------------------------------------------------------------+
; Analysis & Synthesis Summary                                                  ;
+---------------------------------+---------------------------------------------+
; Analysis & Synthesis Status     ; Successful - Thu Oct 12 18:21:38 2023       ;
; Quartus Prime Version           ; 18.1.0 Build 625 09/12/2018 SJ Lite Edition ;
; Revision Name                   ; OneServo                                    ;
; Top-level Entity Name           ; OneServo                                    ;
; Family                          ; Cyclone V                                   ;
; Logic utilization (in ALMs)     ; N/A                                         ;
; Total registers                 ; 72                                          ;
; Total pins                      ; 5                                           ;
; Total virtual pins              ; 0                                           ;
; Total block memory bits         ; 0                                           ;
; Total DSP Blocks                ; 1                                           ;
; Total HSSI RX PCSs              ; 0                                           ;
; Total HSSI PMA RX Deserializers ; 0                                           ;
; Total HSSI TX PCSs              ; 0                                           ;
; Total HSSI PMA TX Serializers   ; 0                                           ;
; Total PLLs                      ; 0                                           ;
; Total DLLs                      ; 0                                           ;
+---------------------------------+---------------------------------------------+


+---------------------------------------------------------------------------------------------------------------------------+
; Analysis & Synthesis Settings                                                                                             ;
+---------------------------------------------------------------------------------+--------------------+--------------------+
; Option                                                                          ; Setting            ; Default Value      ;
+---------------------------------------------------------------------------------+--------------------+--------------------+
; Device                                                                          ; 5CSEMA5F31C6       ;                    ;
; Top-level entity name                                                           ; OneServo           ; OneServo           ;
; Family name                                                                     ; Cyclone V          ; Cyclone V          ;
; Use smart compilation                                                           ; Off                ; Off                ;
; Enable parallel Assembler and Timing Analyzer during compilation                ; On                 ; On                 ;
; Enable compact report table                                                     ; Off                ; Off                ;
; Restructure Multiplexers                                                        ; Auto               ; Auto               ;
; MLAB Add Timing Constraints For Mixed-Port Feed-Through Mode Setting Don't Care ; Off                ; Off                ;
; Create Debugging Nodes for IP Cores                                             ; Off                ; Off                ;
; Preserve fewer node names                                                       ; On                 ; On                 ;
; Intel FPGA IP Evaluation Mode                                                   ; Enable             ; Enable             ;
; Verilog Version                                                                 ; Verilog_2001       ; Verilog_2001       ;
; VHDL Version                                                                    ; VHDL_1993          ; VHDL_1993          ;
; State Machine Processing                                                        ; Auto               ; Auto               ;
; Safe State Machine                                                              ; Off                ; Off                ;
; Extract Verilog State Machines                                                  ; On                 ; On                 ;
; Extract VHDL State Machines                                                     ; On                 ; On                 ;
; Ignore Verilog initial constructs                                               ; Off                ; Off                ;
; Iteration limit for constant Verilog loops                                      ; 5000               ; 5000               ;
; Iteration limit for non-constant Verilog loops                                  ; 250                ; 250                ;
; Add Pass-Through Logic to Inferred RAMs                                         ; On                 ; On                 ;
; Infer RAMs from Raw Logic                                                       ; On                 ; On                 ;
; Parallel Synthesis                                                              ; On                 ; On                 ;
; DSP Block Balancing                                                             ; Auto               ; Auto               ;
; NOT Gate Push-Back                                                              ; On                 ; On                 ;
; Power-Up Don't Care                                                             ; On                 ; On                 ;
; Remove Redundant Logic Cells                                                    ; Off                ; Off                ;
; Remove Duplicate Registers                                                      ; On                 ; On                 ;
; Ignore CARRY Buffers                                                            ; Off                ; Off                ;
; Ignore CASCADE Buffers                                                          ; Off                ; Off                ;
; Ignore GLOBAL Buffers                                                           ; Off                ; Off                ;
; Ignore ROW GLOBAL Buffers                                                       ; Off                ; Off                ;
; Ignore LCELL Buffers                                                            ; Off                ; Off                ;
; Ignore SOFT Buffers                                                             ; On                 ; On                 ;
; Limit AHDL Integers to 32 Bits                                                  ; Off                ; Off                ;
; Optimization Technique                                                          ; Balanced           ; Balanced           ;
; Carry Chain Length                                                              ; 70                 ; 70                 ;
; Auto Carry Chains                                                               ; On                 ; On                 ;
; Auto Open-Drain Pins                                                            ; On                 ; On                 ;
; Perform WYSIWYG Primitive Resynthesis                                           ; Off                ; Off                ;
; Auto ROM Replacement                                                            ; On                 ; On                 ;
; Auto RAM Replacement                                                            ; On                 ; On                 ;
; Auto DSP Block Replacement                                                      ; On                 ; On                 ;
; Auto Shift Register Replacement                                                 ; Auto               ; Auto               ;
; Allow Shift Register Merging across Hierarchies                                 ; Auto               ; Auto               ;
; Auto Clock Enable Replacement                                                   ; On                 ; On                 ;
; Strict RAM Replacement                                                          ; Off                ; Off                ;
; Allow Synchronous Control Signals                                               ; On                 ; On                 ;
; Force Use of Synchronous Clear Signals                                          ; Off                ; Off                ;
; Auto Resource Sharing                                                           ; Off                ; Off                ;
; Allow Any RAM Size For Recognition                                              ; Off                ; Off                ;
; Allow Any ROM Size For Recognition                                              ; Off                ; Off                ;
; Allow Any Shift Register Size For Recognition                                   ; Off                ; Off                ;
; Use LogicLock Constraints during Resource Balancing                             ; On                 ; On                 ;
; Ignore translate_off and synthesis_off directives                               ; Off                ; Off                ;
; Timing-Driven Synthesis                                                         ; On                 ; On                 ;
; Report Parameter Settings                                                       ; On                 ; On                 ;
; Report Source Assignments                                                       ; On                 ; On                 ;
; Report Connectivity Checks                                                      ; On                 ; On                 ;
; Ignore Maximum Fan-Out Assignments                                              ; Off                ; Off                ;
; Synchronization Register Chain Length                                           ; 3                  ; 3                  ;
; Power Optimization During Synthesis                                             ; Normal compilation ; Normal compilation ;
; HDL message level                                                               ; Level2             ; Level2             ;
; Suppress Register Optimization Related Messages                                 ; Off                ; Off                ;
; Number of Removed Registers Reported in Synthesis Report                        ; 5000               ; 5000               ;
; Number of Swept Nodes Reported in Synthesis Report                              ; 5000               ; 5000               ;
; Number of Inverted Registers Reported in Synthesis Report                       ; 100                ; 100                ;
; Clock MUX Protection                                                            ; On                 ; On                 ;
; Auto Gated Clock Conversion                                                     ; Off                ; Off                ;
; Block Design Naming                                                             ; Auto               ; Auto               ;
; SDC constraint protection                                                       ; Off                ; Off                ;
; Synthesis Effort                                                                ; Auto               ; Auto               ;
; Shift Register Replacement - Allow Asynchronous Clear Signal                    ; On                 ; On                 ;
; Pre-Mapping Resynthesis Optimization                                            ; Off                ; Off                ;
; Analysis & Synthesis Message Level                                              ; Medium             ; Medium             ;
; Disable Register Merging Across Hierarchies                                     ; Auto               ; Auto               ;
; Resource Aware Inference For Block RAM                                          ; On                 ; On                 ;
; Automatic Parallel Synthesis                                                    ; On                 ; On                 ;
; Partial Reconfiguration Bitstream ID                                            ; Off                ; Off                ;
+---------------------------------------------------------------------------------+--------------------+--------------------+


+------------------------------------------+
; Parallel Compilation                     ;
+----------------------------+-------------+
; Processors                 ; Number      ;
+----------------------------+-------------+
; Number detected on machine ; 16          ;
; Maximum allowed            ; 16          ;
;                            ;             ;
; Average used               ; 1.00        ;
; Maximum used               ; 16          ;
;                            ;             ;
; Usage by Processor         ; % Time Used ;
;     Processor 1            ; 100.0%      ;
;     Processors 2-16        ;   0.0%      ;
+----------------------------+-------------+


+-------------------------------------------------------------------------------------------------------------------------------------------------------------------------------------------------------------+
; Analysis & Synthesis Source Files Read                                                                                                                                                                      ;
+----------------------------------+-----------------+------------------------------------------+---------------------------------------------------------------------------------------------------+---------+
; File Name with User-Entered Path ; Used in Netlist ; File Type                                ; File Name with Absolute Path                                                                      ; Library ;
+----------------------------------+-----------------+------------------------------------------+---------------------------------------------------------------------------------------------------+---------+
; pwm_period.v                     ; yes             ; User Wizard-Generated File               ; C:/Users/Mark/OneDrive - Northeastern University/Embeded/Lab/Lab 5/OneServo/pwm_period.v          ;         ;
; DutyCycleComparator.v            ; yes             ; User Wizard-Generated File               ; C:/Users/Mark/OneDrive - Northeastern University/Embeded/Lab/Lab 5/OneServo/DutyCycleComparator.v ;         ;
; OneServo.bdf                     ; yes             ; User Block Diagram/Schematic File        ; C:/Users/Mark/OneDrive - Northeastern University/Embeded/Lab/Lab 5/OneServo/OneServo.bdf          ;         ;
; DegreeCounter.v                  ; yes             ; User Wizard-Generated File               ; C:/Users/Mark/OneDrive - Northeastern University/Embeded/Lab/Lab 5/OneServo/DegreeCounter.v       ;         ;
; Add.v                            ; yes             ; User Wizard-Generated File               ; C:/Users/Mark/OneDrive - Northeastern University/Embeded/Lab/Lab 5/OneServo/Add.v                 ;         ;
; Multiply.v                       ; yes             ; User Wizard-Generated File               ; C:/Users/Mark/OneDrive - Northeastern University/Embeded/Lab/Lab 5/OneServo/Multiply.v            ;         ;
; Compare18.v                      ; yes             ; User Wizard-Generated File               ; C:/Users/Mark/OneDrive - Northeastern University/Embeded/Lab/Lab 5/OneServo/Compare18.v           ;         ;
; Compare0.v                       ; yes             ; User Wizard-Generated File               ; C:/Users/Mark/OneDrive - Northeastern University/Embeded/Lab/Lab 5/OneServo/Compare0.v            ;         ;
; lpm_compare.tdf                  ; yes             ; Megafunction                             ; d:/intelfpga_lite/18.1/quartus/libraries/megafunctions/lpm_compare.tdf                            ;         ;
; comptree.inc                     ; yes             ; Megafunction                             ; d:/intelfpga_lite/18.1/quartus/libraries/megafunctions/comptree.inc                               ;         ;
; altshift.inc                     ; yes             ; Megafunction                             ; d:/intelfpga_lite/18.1/quartus/libraries/megafunctions/altshift.inc                               ;         ;
; aglobal181.inc                   ; yes             ; Megafunction                             ; d:/intelfpga_lite/18.1/quartus/libraries/megafunctions/aglobal181.inc                             ;         ;
; db/cmpr_2gg.tdf                  ; yes             ; Auto-Generated Megafunction              ; C:/Users/Mark/OneDrive - Northeastern University/Embeded/Lab/Lab 5/OneServo/db/cmpr_2gg.tdf       ;         ;
; lpm_counter.tdf                  ; yes             ; Megafunction                             ; d:/intelfpga_lite/18.1/quartus/libraries/megafunctions/lpm_counter.tdf                            ;         ;
; lpm_constant.inc                 ; yes             ; Megafunction                             ; d:/intelfpga_lite/18.1/quartus/libraries/megafunctions/lpm_constant.inc                           ;         ;
; lpm_decode.inc                   ; yes             ; Megafunction                             ; d:/intelfpga_lite/18.1/quartus/libraries/megafunctions/lpm_decode.inc                             ;         ;
; lpm_add_sub.inc                  ; yes             ; Megafunction                             ; d:/intelfpga_lite/18.1/quartus/libraries/megafunctions/lpm_add_sub.inc                            ;         ;
; cmpconst.inc                     ; yes             ; Megafunction                             ; d:/intelfpga_lite/18.1/quartus/libraries/megafunctions/cmpconst.inc                               ;         ;
; lpm_compare.inc                  ; yes             ; Megafunction                             ; d:/intelfpga_lite/18.1/quartus/libraries/megafunctions/lpm_compare.inc                            ;         ;
; lpm_counter.inc                  ; yes             ; Megafunction                             ; d:/intelfpga_lite/18.1/quartus/libraries/megafunctions/lpm_counter.inc                            ;         ;
; dffeea.inc                       ; yes             ; Megafunction                             ; d:/intelfpga_lite/18.1/quartus/libraries/megafunctions/dffeea.inc                                 ;         ;
; alt_counter_stratix.inc          ; yes             ; Megafunction                             ; d:/intelfpga_lite/18.1/quartus/libraries/megafunctions/alt_counter_stratix.inc                    ;         ;
; db/cntr_96j.tdf                  ; yes             ; Auto-Generated Megafunction              ; C:/Users/Mark/OneDrive - Northeastern University/Embeded/Lab/Lab 5/OneServo/db/cntr_96j.tdf       ;         ;
; db/cmpr_qac.tdf                  ; yes             ; Auto-Generated Megafunction              ; C:/Users/Mark/OneDrive - Northeastern University/Embeded/Lab/Lab 5/OneServo/db/cmpr_qac.tdf       ;         ;
; lpm_add_sub.tdf                  ; yes             ; Megafunction                             ; d:/intelfpga_lite/18.1/quartus/libraries/megafunctions/lpm_add_sub.tdf                            ;         ;
; addcore.inc                      ; yes             ; Megafunction                             ; d:/intelfpga_lite/18.1/quartus/libraries/megafunctions/addcore.inc                                ;         ;
; look_add.inc                     ; yes             ; Megafunction                             ; d:/intelfpga_lite/18.1/quartus/libraries/megafunctions/look_add.inc                               ;         ;
; bypassff.inc                     ; yes             ; Megafunction                             ; d:/intelfpga_lite/18.1/quartus/libraries/megafunctions/bypassff.inc                               ;         ;
; alt_stratix_add_sub.inc          ; yes             ; Megafunction                             ; d:/intelfpga_lite/18.1/quartus/libraries/megafunctions/alt_stratix_add_sub.inc                    ;         ;
; db/add_sub_emh.tdf               ; yes             ; Auto-Generated Megafunction              ; C:/Users/Mark/OneDrive - Northeastern University/Embeded/Lab/Lab 5/OneServo/db/add_sub_emh.tdf    ;         ;
; lpm_mult.tdf                     ; yes             ; Megafunction                             ; d:/intelfpga_lite/18.1/quartus/libraries/megafunctions/lpm_mult.tdf                               ;         ;
; multcore.inc                     ; yes             ; Megafunction                             ; d:/intelfpga_lite/18.1/quartus/libraries/megafunctions/multcore.inc                               ;         ;
; db/mult_6np.v                    ; yes             ; Auto-Generated Megafunction              ; C:/Users/Mark/OneDrive - Northeastern University/Embeded/Lab/Lab 5/OneServo/db/mult_6np.v         ;         ;
; db/cntr_4bi.tdf                  ; yes             ; Auto-Generated Megafunction              ; C:/Users/Mark/OneDrive - Northeastern University/Embeded/Lab/Lab 5/OneServo/db/cntr_4bi.tdf       ;         ;
; debounce_p.bdf                   ; yes             ; Auto-Found Block Diagram/Schematic File  ; C:/Users/Mark/OneDrive - Northeastern University/Embeded/Lab/Lab 5/OneServo/debounce_p.bdf        ;         ;
; compare.v                        ; yes             ; Auto-Found Wizard-Generated File         ; C:/Users/Mark/OneDrive - Northeastern University/Embeded/Lab/Lab 5/OneServo/compare.v             ;         ;
; db/cmpr_56j.tdf                  ; yes             ; Auto-Generated Megafunction              ; C:/Users/Mark/OneDrive - Northeastern University/Embeded/Lab/Lab 5/OneServo/db/cmpr_56j.tdf       ;         ;
; counter32.v                      ; yes             ; Auto-Found Wizard-Generated File         ; C:/Users/Mark/OneDrive - Northeastern University/Embeded/Lab/Lab 5/OneServo/counter32.v           ;         ;
; db/cntr_6mi.tdf                  ; yes             ; Auto-Generated Megafunction              ; C:/Users/Mark/OneDrive - Northeastern University/Embeded/Lab/Lab 5/OneServo/db/cntr_6mi.tdf       ;         ;
; db/cmpr_6li.tdf                  ; yes             ; Auto-Generated Megafunction              ; C:/Users/Mark/OneDrive - Northeastern University/Embeded/Lab/Lab 5/OneServo/db/cmpr_6li.tdf       ;         ;
; db/cmpr_26j.tdf                  ; yes             ; Auto-Generated Megafunction              ; C:/Users/Mark/OneDrive - Northeastern University/Embeded/Lab/Lab 5/OneServo/db/cmpr_26j.tdf       ;         ;
+----------------------------------+-----------------+------------------------------------------+---------------------------------------------------------------------------------------------------+---------+


+-----------------------------------------------------------+
; Analysis & Synthesis Resource Usage Summary               ;
+---------------------------------------------+-------------+
; Resource                                    ; Usage       ;
+---------------------------------------------+-------------+
; Estimate of Logic utilization (ALMs needed) ; 79          ;
;                                             ;             ;
; Combinational ALUT usage for logic          ; 135         ;
;     -- 7 input functions                    ; 0           ;
;     -- 6 input functions                    ; 23          ;
;     -- 5 input functions                    ; 5           ;
;     -- 4 input functions                    ; 5           ;
;     -- <=3 input functions                  ; 102         ;
;                                             ;             ;
; Dedicated logic registers                   ; 72          ;
;                                             ;             ;
; I/O pins                                    ; 5           ;
;                                             ;             ;
; Total DSP Blocks                            ; 1           ;
;                                             ;             ;
; Maximum fan-out node                        ; clock~input ;
; Maximum fan-out                             ; 72          ;
; Total fan-out                               ; 697         ;
; Average fan-out                             ; 3.20        ;
+---------------------------------------------+-------------+


+------------------------------------------------------------------------------------------------------------------------------------------------------------------------------------------------------------------------------------------------------------------------------------------------------+
; Analysis & Synthesis Resource Utilization by Entity                                                                                                                                                                                                                                                  ;
+----------------------------------------------+---------------------+---------------------------+-------------------+------------+------+--------------+---------------------------------------------------------------------------------------------------------+---------------------+--------------+
; Compilation Hierarchy Node                   ; Combinational ALUTs ; Dedicated Logic Registers ; Block Memory Bits ; DSP Blocks ; Pins ; Virtual Pins ; Full Hierarchy Name                                                                                     ; Entity Name         ; Library Name ;
+----------------------------------------------+---------------------+---------------------------+-------------------+------------+------+--------------+---------------------------------------------------------------------------------------------------------+---------------------+--------------+
; |OneServo                                    ; 135 (11)            ; 72 (0)                    ; 0                 ; 1          ; 5    ; 0            ; |OneServo                                                                                               ; OneServo            ; work         ;
;    |Add:inst|                                ; 16 (0)              ; 0 (0)                     ; 0                 ; 0          ; 0    ; 0            ; |OneServo|Add:inst                                                                                      ; Add                 ; work         ;
;       |lpm_add_sub:LPM_ADD_SUB_component|    ; 16 (0)              ; 0 (0)                     ; 0                 ; 0          ; 0    ; 0            ; |OneServo|Add:inst|lpm_add_sub:LPM_ADD_SUB_component                                                    ; lpm_add_sub         ; work         ;
;          |add_sub_emh:auto_generated|        ; 16 (16)             ; 0 (0)                     ; 0                 ; 0          ; 0    ; 0            ; |OneServo|Add:inst|lpm_add_sub:LPM_ADD_SUB_component|add_sub_emh:auto_generated                         ; add_sub_emh         ; work         ;
;    |DegreeCounter:counter2|                  ; 26 (0)              ; 20 (0)                    ; 0                 ; 0          ; 0    ; 0            ; |OneServo|DegreeCounter:counter2                                                                        ; DegreeCounter       ; work         ;
;       |lpm_counter:LPM_COUNTER_component|    ; 26 (0)              ; 20 (0)                    ; 0                 ; 0          ; 0    ; 0            ; |OneServo|DegreeCounter:counter2|lpm_counter:LPM_COUNTER_component                                      ; lpm_counter         ; work         ;
;          |cntr_4bi:auto_generated|           ; 26 (26)             ; 20 (20)                   ; 0                 ; 0          ; 0    ; 0            ; |OneServo|DegreeCounter:counter2|lpm_counter:LPM_COUNTER_component|cntr_4bi:auto_generated              ; cntr_4bi            ; work         ;
;    |DutyCycleComparator:compare|             ; 24 (0)              ; 0 (0)                     ; 0                 ; 0          ; 0    ; 0            ; |OneServo|DutyCycleComparator:compare                                                                   ; DutyCycleComparator ; work         ;
;       |lpm_compare:LPM_COMPARE_component|    ; 24 (0)              ; 0 (0)                     ; 0                 ; 0          ; 0    ; 0            ; |OneServo|DutyCycleComparator:compare|lpm_compare:LPM_COMPARE_component                                 ; lpm_compare         ; work         ;
;          |cmpr_2gg:auto_generated|           ; 24 (24)             ; 0 (0)                     ; 0                 ; 0          ; 0    ; 0            ; |OneServo|DutyCycleComparator:compare|lpm_compare:LPM_COMPARE_component|cmpr_2gg:auto_generated         ; cmpr_2gg            ; work         ;
;    |Multiply:inst9|                          ; 0 (0)               ; 0 (0)                     ; 0                 ; 1          ; 0    ; 0            ; |OneServo|Multiply:inst9                                                                                ; Multiply            ; work         ;
;       |lpm_mult:lpm_mult_component|          ; 0 (0)               ; 0 (0)                     ; 0                 ; 1          ; 0    ; 0            ; |OneServo|Multiply:inst9|lpm_mult:lpm_mult_component                                                    ; lpm_mult            ; work         ;
;          |mult_6np:auto_generated|           ; 0 (0)               ; 0 (0)                     ; 0                 ; 1          ; 0    ; 0            ; |OneServo|Multiply:inst9|lpm_mult:lpm_mult_component|mult_6np:auto_generated                            ; mult_6np            ; work         ;
;    |debounce_p:inst4|                        ; 32 (0)              ; 32 (0)                    ; 0                 ; 0          ; 0    ; 0            ; |OneServo|debounce_p:inst4                                                                              ; debounce_p          ; work         ;
;       |Counter32:CounterA|                   ; 32 (0)              ; 32 (0)                    ; 0                 ; 0          ; 0    ; 0            ; |OneServo|debounce_p:inst4|Counter32:CounterA                                                           ; Counter32           ; work         ;
;          |lpm_counter:LPM_COUNTER_component| ; 32 (0)              ; 32 (0)                    ; 0                 ; 0          ; 0    ; 0            ; |OneServo|debounce_p:inst4|Counter32:CounterA|lpm_counter:LPM_COUNTER_component                         ; lpm_counter         ; work         ;
;             |cntr_6mi:auto_generated|        ; 32 (32)             ; 32 (32)                   ; 0                 ; 0          ; 0    ; 0            ; |OneServo|debounce_p:inst4|Counter32:CounterA|lpm_counter:LPM_COUNTER_component|cntr_6mi:auto_generated ; cntr_6mi            ; work         ;
;    |pwm_period:counter1|                     ; 26 (0)              ; 20 (0)                    ; 0                 ; 0          ; 0    ; 0            ; |OneServo|pwm_period:counter1                                                                           ; pwm_period          ; work         ;
;       |lpm_counter:LPM_COUNTER_component|    ; 26 (0)              ; 20 (0)                    ; 0                 ; 0          ; 0    ; 0            ; |OneServo|pwm_period:counter1|lpm_counter:LPM_COUNTER_component                                         ; lpm_counter         ; work         ;
;          |cntr_96j:auto_generated|           ; 26 (22)             ; 20 (20)                   ; 0                 ; 0          ; 0    ; 0            ; |OneServo|pwm_period:counter1|lpm_counter:LPM_COUNTER_component|cntr_96j:auto_generated                 ; cntr_96j            ; work         ;
;             |cmpr_qac:cmpr1|                 ; 4 (4)               ; 0 (0)                     ; 0                 ; 0          ; 0    ; 0            ; |OneServo|pwm_period:counter1|lpm_counter:LPM_COUNTER_component|cntr_96j:auto_generated|cmpr_qac:cmpr1  ; cmpr_qac            ; work         ;
+----------------------------------------------+---------------------+---------------------------+-------------------+------------+------+--------------+---------------------------------------------------------------------------------------------------------+---------------------+--------------+
Note: For table entries with two numbers listed, the numbers in parentheses indicate the number of resources of the given type used by the specific entity alone. The numbers listed outside of parentheses indicate the total resources of the given type used by the specific entity and all of its sub-entities in the hierarchy.


+-----------------------------------------------+
; Analysis & Synthesis DSP Block Usage Summary  ;
+---------------------------------+-------------+
; Statistic                       ; Number Used ;
+---------------------------------+-------------+
; Independent 27x27               ; 1           ;
; Total number of DSP blocks      ; 1           ;
;                                 ;             ;
; Fixed Point Unsigned Multiplier ; 1           ;
+---------------------------------+-------------+


+-------------------------------------------------------------------------------------------------------------------------------+
; Analysis & Synthesis IP Cores Summary                                                                                         ;
+--------+--------------+---------+--------------+--------------+---------------------------------------+-----------------------+
; Vendor ; IP Core Name ; Version ; Release Date ; License Type ; Entity Instance                       ; IP Include File       ;
+--------+--------------+---------+--------------+--------------+---------------------------------------+-----------------------+
; Altera ; LPM_COMPARE  ; 18.1    ; N/A          ; N/A          ; |OneServo|DutyCycleComparator:compare ; DutyCycleComparator.v ;
; Altera ; LPM_COUNTER  ; 18.1    ; N/A          ; N/A          ; |OneServo|pwm_period:counter1         ; pwm_period.v          ;
; Altera ; LPM_COUNTER  ; 18.1    ; N/A          ; N/A          ; |OneServo|DegreeCounter:counter2      ; DegreeCounter.v       ;
; Altera ; LPM_ADD_SUB  ; 18.1    ; N/A          ; N/A          ; |OneServo|Add:inst                    ; Add.v                 ;
; Altera ; LPM_MULT     ; 18.1    ; N/A          ; N/A          ; |OneServo|Multiply:inst9              ; Multiply.v            ;
; Altera ; LPM_COMPARE  ; 18.1    ; N/A          ; N/A          ; |OneServo|Compare0:inst10             ; Compare0.v            ;
; Altera ; LPM_COMPARE  ; 18.1    ; N/A          ; N/A          ; |OneServo|Compare18:inst11            ; Compare18.v           ;
+--------+--------------+---------+--------------+--------------+---------------------------------------+-----------------------+


+------------------------------------------------------+
; General Register Statistics                          ;
+----------------------------------------------+-------+
; Statistic                                    ; Value ;
+----------------------------------------------+-------+
; Total registers                              ; 72    ;
; Number of registers using Synchronous Clear  ; 0     ;
; Number of registers using Synchronous Load   ; 40    ;
; Number of registers using Asynchronous Clear ; 32    ;
; Number of registers using Asynchronous Load  ; 0     ;
; Number of registers using Clock Enable       ; 20    ;
; Number of registers using Preset             ; 0     ;
+----------------------------------------------+-------+


+------------------------------------------------------------------------------------------------------------+
; Parameter Settings for User Entity Instance: DutyCycleComparator:compare|lpm_compare:LPM_COMPARE_component ;
+------------------------+-----------+-----------------------------------------------------------------------+
; Parameter Name         ; Value     ; Type                                                                  ;
+------------------------+-----------+-----------------------------------------------------------------------+
; lpm_width              ; 20        ; Signed Integer                                                        ;
; LPM_REPRESENTATION     ; UNSIGNED  ; Untyped                                                               ;
; LPM_PIPELINE           ; 0         ; Untyped                                                               ;
; CHAIN_SIZE             ; 8         ; Untyped                                                               ;
; ONE_INPUT_IS_CONSTANT  ; NO        ; Untyped                                                               ;
; CARRY_CHAIN            ; MANUAL    ; Untyped                                                               ;
; CASCADE_CHAIN          ; MANUAL    ; Untyped                                                               ;
; CARRY_CHAIN_LENGTH     ; 48        ; CARRY_CHAIN_LENGTH                                                    ;
; CASCADE_CHAIN_LENGTH   ; 2         ; CASCADE_CHAIN_LENGTH                                                  ;
; DEVICE_FAMILY          ; Cyclone V ; Untyped                                                               ;
; CBXI_PARAMETER         ; cmpr_2gg  ; Untyped                                                               ;
; AUTO_CARRY_CHAINS      ; ON        ; AUTO_CARRY                                                            ;
; IGNORE_CARRY_BUFFERS   ; OFF       ; IGNORE_CARRY                                                          ;
; AUTO_CASCADE_CHAINS    ; ON        ; AUTO_CASCADE                                                          ;
; IGNORE_CASCADE_BUFFERS ; OFF       ; IGNORE_CASCADE                                                        ;
+------------------------+-----------+-----------------------------------------------------------------------+
Note: In order to hide this table in the UI and the text report file, please set the "Show Parameter Settings in Synthesis Report" option in "Analysis and Synthesis Settings -> More Settings" to "Off".


+----------------------------------------------------------------------------------------------------+
; Parameter Settings for User Entity Instance: pwm_period:counter1|lpm_counter:LPM_COUNTER_component ;
+------------------------+-------------+-------------------------------------------------------------+
; Parameter Name         ; Value       ; Type                                                        ;
+------------------------+-------------+-------------------------------------------------------------+
; AUTO_CARRY_CHAINS      ; ON          ; AUTO_CARRY                                                  ;
; IGNORE_CARRY_BUFFERS   ; OFF         ; IGNORE_CARRY                                                ;
; AUTO_CASCADE_CHAINS    ; ON          ; AUTO_CASCADE                                                ;
; IGNORE_CASCADE_BUFFERS ; OFF         ; IGNORE_CASCADE                                              ;
; LPM_WIDTH              ; 20          ; Signed Integer                                              ;
; LPM_DIRECTION          ; UP          ; Untyped                                                     ;
; LPM_MODULUS            ; 1000000     ; Signed Integer                                              ;
; LPM_AVALUE             ; UNUSED      ; Untyped                                                     ;
; LPM_SVALUE             ; UNUSED      ; Untyped                                                     ;
; LPM_PORT_UPDOWN        ; PORT_UNUSED ; Untyped                                                     ;
; DEVICE_FAMILY          ; Cyclone V   ; Untyped                                                     ;
; CARRY_CHAIN            ; MANUAL      ; Untyped                                                     ;
; CARRY_CHAIN_LENGTH     ; 48          ; CARRY_CHAIN_LENGTH                                          ;
; NOT_GATE_PUSH_BACK     ; ON          ; NOT_GATE_PUSH_BACK                                          ;
; CARRY_CNT_EN           ; SMART       ; Untyped                                                     ;
; LABWIDE_SCLR           ; ON          ; Untyped                                                     ;
; USE_NEW_VERSION        ; TRUE        ; Untyped                                                     ;
; CBXI_PARAMETER         ; cntr_96j    ; Untyped                                                     ;
+------------------------+-------------+-------------------------------------------------------------+
Note: In order to hide this table in the UI and the text report file, please set the "Show Parameter Settings in Synthesis Report" option in "Analysis and Synthesis Settings -> More Settings" to "Off".


+-----------------------------------------------------------------------------------------+
; Parameter Settings for User Entity Instance: Add:inst|lpm_add_sub:LPM_ADD_SUB_component ;
+------------------------+-------------+--------------------------------------------------+
; Parameter Name         ; Value       ; Type                                             ;
+------------------------+-------------+--------------------------------------------------+
; LPM_WIDTH              ; 20          ; Signed Integer                                   ;
; LPM_REPRESENTATION     ; UNSIGNED    ; Untyped                                          ;
; LPM_DIRECTION          ; ADD         ; Untyped                                          ;
; ONE_INPUT_IS_CONSTANT  ; YES         ; Untyped                                          ;
; LPM_PIPELINE           ; 0           ; Untyped                                          ;
; MAXIMIZE_SPEED         ; 5           ; Untyped                                          ;
; REGISTERED_AT_END      ; 0           ; Untyped                                          ;
; OPTIMIZE_FOR_SPEED     ; 5           ; Untyped                                          ;
; USE_CS_BUFFERS         ; 1           ; Untyped                                          ;
; CARRY_CHAIN            ; MANUAL      ; Untyped                                          ;
; CARRY_CHAIN_LENGTH     ; 48          ; CARRY_CHAIN_LENGTH                               ;
; DEVICE_FAMILY          ; Cyclone V   ; Untyped                                          ;
; USE_WYS                ; OFF         ; Untyped                                          ;
; STYLE                  ; FAST        ; Untyped                                          ;
; CBXI_PARAMETER         ; add_sub_emh ; Untyped                                          ;
; AUTO_CARRY_CHAINS      ; ON          ; AUTO_CARRY                                       ;
; IGNORE_CARRY_BUFFERS   ; OFF         ; IGNORE_CARRY                                     ;
; AUTO_CASCADE_CHAINS    ; ON          ; AUTO_CASCADE                                     ;
; IGNORE_CASCADE_BUFFERS ; OFF         ; IGNORE_CASCADE                                   ;
+------------------------+-------------+--------------------------------------------------+
Note: In order to hide this table in the UI and the text report file, please set the "Show Parameter Settings in Synthesis Report" option in "Analysis and Synthesis Settings -> More Settings" to "Off".


+-----------------------------------------------------------------------------------------+
; Parameter Settings for User Entity Instance: Multiply:inst9|lpm_mult:lpm_mult_component ;
+------------------------------------------------+-----------+----------------------------+
; Parameter Name                                 ; Value     ; Type                       ;
+------------------------------------------------+-----------+----------------------------+
; AUTO_CARRY_CHAINS                              ; ON        ; AUTO_CARRY                 ;
; IGNORE_CARRY_BUFFERS                           ; OFF       ; IGNORE_CARRY               ;
; AUTO_CASCADE_CHAINS                            ; ON        ; AUTO_CASCADE               ;
; IGNORE_CASCADE_BUFFERS                         ; OFF       ; IGNORE_CASCADE             ;
; LPM_WIDTHA                                     ; 20        ; Signed Integer             ;
; LPM_WIDTHB                                     ; 20        ; Signed Integer             ;
; LPM_WIDTHP                                     ; 40        ; Signed Integer             ;
; LPM_WIDTHR                                     ; 0         ; Untyped                    ;
; LPM_WIDTHS                                     ; 1         ; Untyped                    ;
; LPM_REPRESENTATION                             ; UNSIGNED  ; Untyped                    ;
; LPM_PIPELINE                                   ; 0         ; Untyped                    ;
; LATENCY                                        ; 0         ; Untyped                    ;
; INPUT_A_IS_CONSTANT                            ; NO        ; Untyped                    ;
; INPUT_B_IS_CONSTANT                            ; YES       ; Untyped                    ;
; USE_EAB                                        ; OFF       ; Untyped                    ;
; MAXIMIZE_SPEED                                 ; 5         ; Untyped                    ;
; DEVICE_FAMILY                                  ; Cyclone V ; Untyped                    ;
; CARRY_CHAIN                                    ; MANUAL    ; Untyped                    ;
; APEX20K_TECHNOLOGY_MAPPER                      ; LUT       ; TECH_MAPPER_APEX20K        ;
; DEDICATED_MULTIPLIER_CIRCUITRY                 ; AUTO      ; Untyped                    ;
; DEDICATED_MULTIPLIER_MIN_INPUT_WIDTH_FOR_AUTO  ; 0         ; Untyped                    ;
; DEDICATED_MULTIPLIER_MIN_OUTPUT_WIDTH_FOR_AUTO ; 0         ; Untyped                    ;
; CBXI_PARAMETER                                 ; mult_6np  ; Untyped                    ;
; INPUT_A_FIXED_VALUE                            ; Bx        ; Untyped                    ;
; INPUT_B_FIXED_VALUE                            ; Bx        ; Untyped                    ;
; USE_AHDL_IMPLEMENTATION                        ; OFF       ; Untyped                    ;
+------------------------------------------------+-----------+----------------------------+
Note: In order to hide this table in the UI and the text report file, please set the "Show Parameter Settings in Synthesis Report" option in "Analysis and Synthesis Settings -> More Settings" to "Off".


+-------------------------------------------------------------------------------------------------------+
; Parameter Settings for User Entity Instance: DegreeCounter:counter2|lpm_counter:LPM_COUNTER_component ;
+------------------------+-----------+------------------------------------------------------------------+
; Parameter Name         ; Value     ; Type                                                             ;
+------------------------+-----------+------------------------------------------------------------------+
; AUTO_CARRY_CHAINS      ; ON        ; AUTO_CARRY                                                       ;
; IGNORE_CARRY_BUFFERS   ; OFF       ; IGNORE_CARRY                                                     ;
; AUTO_CASCADE_CHAINS    ; ON        ; AUTO_CASCADE                                                     ;
; IGNORE_CASCADE_BUFFERS ; OFF       ; IGNORE_CASCADE                                                   ;
; LPM_WIDTH              ; 20        ; Signed Integer                                                   ;
; LPM_DIRECTION          ; DEFAULT   ; Untyped                                                          ;
; LPM_MODULUS            ; 19        ; Signed Integer                                                   ;
; LPM_AVALUE             ; UNUSED    ; Untyped                                                          ;
; LPM_SVALUE             ; UNUSED    ; Untyped                                                          ;
; LPM_PORT_UPDOWN        ; PORT_USED ; Untyped                                                          ;
; DEVICE_FAMILY          ; Cyclone V ; Untyped                                                          ;
; CARRY_CHAIN            ; MANUAL    ; Untyped                                                          ;
; CARRY_CHAIN_LENGTH     ; 48        ; CARRY_CHAIN_LENGTH                                               ;
; NOT_GATE_PUSH_BACK     ; ON        ; NOT_GATE_PUSH_BACK                                               ;
; CARRY_CNT_EN           ; SMART     ; Untyped                                                          ;
; LABWIDE_SCLR           ; ON        ; Untyped                                                          ;
; USE_NEW_VERSION        ; TRUE      ; Untyped                                                          ;
; CBXI_PARAMETER         ; cntr_4bi  ; Untyped                                                          ;
+------------------------+-----------+------------------------------------------------------------------+
Note: In order to hide this table in the UI and the text report file, please set the "Show Parameter Settings in Synthesis Report" option in "Analysis and Synthesis Settings -> More Settings" to "Off".


+---------------------------------------------------------------------------------------------------------------+
; Parameter Settings for User Entity Instance: debounce_p:inst4|Compare:inst3|lpm_compare:LPM_COMPARE_component ;
+------------------------+-----------+--------------------------------------------------------------------------+
; Parameter Name         ; Value     ; Type                                                                     ;
+------------------------+-----------+--------------------------------------------------------------------------+
; lpm_width              ; 32        ; Signed Integer                                                           ;
; LPM_REPRESENTATION     ; UNSIGNED  ; Untyped                                                                  ;
; LPM_PIPELINE           ; 0         ; Untyped                                                                  ;
; CHAIN_SIZE             ; 8         ; Untyped                                                                  ;
; ONE_INPUT_IS_CONSTANT  ; YES       ; Untyped                                                                  ;
; CARRY_CHAIN            ; MANUAL    ; Untyped                                                                  ;
; CASCADE_CHAIN          ; MANUAL    ; Untyped                                                                  ;
; CARRY_CHAIN_LENGTH     ; 48        ; CARRY_CHAIN_LENGTH                                                       ;
; CASCADE_CHAIN_LENGTH   ; 2         ; CASCADE_CHAIN_LENGTH                                                     ;
; DEVICE_FAMILY          ; Cyclone V ; Untyped                                                                  ;
; CBXI_PARAMETER         ; cmpr_56j  ; Untyped                                                                  ;
; AUTO_CARRY_CHAINS      ; ON        ; AUTO_CARRY                                                               ;
; IGNORE_CARRY_BUFFERS   ; OFF       ; IGNORE_CARRY                                                             ;
; AUTO_CASCADE_CHAINS    ; ON        ; AUTO_CASCADE                                                             ;
; IGNORE_CASCADE_BUFFERS ; OFF       ; IGNORE_CASCADE                                                           ;
+------------------------+-----------+--------------------------------------------------------------------------+
Note: In order to hide this table in the UI and the text report file, please set the "Show Parameter Settings in Synthesis Report" option in "Analysis and Synthesis Settings -> More Settings" to "Off".


+--------------------------------------------------------------------------------------------------------------------+
; Parameter Settings for User Entity Instance: debounce_p:inst4|Counter32:CounterA|lpm_counter:LPM_COUNTER_component ;
+------------------------+-------------+-----------------------------------------------------------------------------+
; Parameter Name         ; Value       ; Type                                                                        ;
+------------------------+-------------+-----------------------------------------------------------------------------+
; AUTO_CARRY_CHAINS      ; ON          ; AUTO_CARRY                                                                  ;
; IGNORE_CARRY_BUFFERS   ; OFF         ; IGNORE_CARRY                                                                ;
; AUTO_CASCADE_CHAINS    ; ON          ; AUTO_CASCADE                                                                ;
; IGNORE_CASCADE_BUFFERS ; OFF         ; IGNORE_CASCADE                                                              ;
; LPM_WIDTH              ; 32          ; Signed Integer                                                              ;
; LPM_DIRECTION          ; UP          ; Untyped                                                                     ;
; LPM_MODULUS            ; 0           ; Untyped                                                                     ;
; LPM_AVALUE             ; UNUSED      ; Untyped                                                                     ;
; LPM_SVALUE             ; UNUSED      ; Untyped                                                                     ;
; LPM_PORT_UPDOWN        ; PORT_UNUSED ; Untyped                                                                     ;
; DEVICE_FAMILY          ; Cyclone V   ; Untyped                                                                     ;
; CARRY_CHAIN            ; MANUAL      ; Untyped                                                                     ;
; CARRY_CHAIN_LENGTH     ; 48          ; CARRY_CHAIN_LENGTH                                                          ;
; NOT_GATE_PUSH_BACK     ; ON          ; NOT_GATE_PUSH_BACK                                                          ;
; CARRY_CNT_EN           ; SMART       ; Untyped                                                                     ;
; LABWIDE_SCLR           ; ON          ; Untyped                                                                     ;
; USE_NEW_VERSION        ; TRUE        ; Untyped                                                                     ;
; CBXI_PARAMETER         ; cntr_6mi    ; Untyped                                                                     ;
+------------------------+-------------+-----------------------------------------------------------------------------+
Note: In order to hide this table in the UI and the text report file, please set the "Show Parameter Settings in Synthesis Report" option in "Analysis and Synthesis Settings -> More Settings" to "Off".


+------------------------------------------------------------------------------------------------+
; Parameter Settings for User Entity Instance: Compare0:inst10|lpm_compare:LPM_COMPARE_component ;
+------------------------+-----------+-----------------------------------------------------------+
; Parameter Name         ; Value     ; Type                                                      ;
+------------------------+-----------+-----------------------------------------------------------+
; lpm_width              ; 20        ; Signed Integer                                            ;
; LPM_REPRESENTATION     ; UNSIGNED  ; Untyped                                                   ;
; LPM_PIPELINE           ; 0         ; Untyped                                                   ;
; CHAIN_SIZE             ; 8         ; Untyped                                                   ;
; ONE_INPUT_IS_CONSTANT  ; YES       ; Untyped                                                   ;
; CARRY_CHAIN            ; MANUAL    ; Untyped                                                   ;
; CASCADE_CHAIN          ; MANUAL    ; Untyped                                                   ;
; CARRY_CHAIN_LENGTH     ; 48        ; CARRY_CHAIN_LENGTH                                        ;
; CASCADE_CHAIN_LENGTH   ; 2         ; CASCADE_CHAIN_LENGTH                                      ;
; DEVICE_FAMILY          ; Cyclone V ; Untyped                                                   ;
; CBXI_PARAMETER         ; cmpr_6li  ; Untyped                                                   ;
; AUTO_CARRY_CHAINS      ; ON        ; AUTO_CARRY                                                ;
; IGNORE_CARRY_BUFFERS   ; OFF       ; IGNORE_CARRY                                              ;
; AUTO_CASCADE_CHAINS    ; ON        ; AUTO_CASCADE                                              ;
; IGNORE_CASCADE_BUFFERS ; OFF       ; IGNORE_CASCADE                                            ;
+------------------------+-----------+-----------------------------------------------------------+
Note: In order to hide this table in the UI and the text report file, please set the "Show Parameter Settings in Synthesis Report" option in "Analysis and Synthesis Settings -> More Settings" to "Off".


+-------------------------------------------------------------------------------------------------+
; Parameter Settings for User Entity Instance: Compare18:inst11|lpm_compare:LPM_COMPARE_component ;
+------------------------+-----------+------------------------------------------------------------+
; Parameter Name         ; Value     ; Type                                                       ;
+------------------------+-----------+------------------------------------------------------------+
; lpm_width              ; 20        ; Signed Integer                                             ;
; LPM_REPRESENTATION     ; UNSIGNED  ; Untyped                                                    ;
; LPM_PIPELINE           ; 0         ; Untyped                                                    ;
; CHAIN_SIZE             ; 8         ; Untyped                                                    ;
; ONE_INPUT_IS_CONSTANT  ; YES       ; Untyped                                                    ;
; CARRY_CHAIN            ; MANUAL    ; Untyped                                                    ;
; CASCADE_CHAIN          ; MANUAL    ; Untyped                                                    ;
; CARRY_CHAIN_LENGTH     ; 48        ; CARRY_CHAIN_LENGTH                                         ;
; CASCADE_CHAIN_LENGTH   ; 2         ; CASCADE_CHAIN_LENGTH                                       ;
; DEVICE_FAMILY          ; Cyclone V ; Untyped                                                    ;
; CBXI_PARAMETER         ; cmpr_26j  ; Untyped                                                    ;
; AUTO_CARRY_CHAINS      ; ON        ; AUTO_CARRY                                                 ;
; IGNORE_CARRY_BUFFERS   ; OFF       ; IGNORE_CARRY                                               ;
; AUTO_CASCADE_CHAINS    ; ON        ; AUTO_CASCADE                                               ;
; IGNORE_CASCADE_BUFFERS ; OFF       ; IGNORE_CASCADE                                             ;
+------------------------+-----------+------------------------------------------------------------+
Note: In order to hide this table in the UI and the text report file, please set the "Show Parameter Settings in Synthesis Report" option in "Analysis and Synthesis Settings -> More Settings" to "Off".


+------------------------------------------------------------------------------------+
; lpm_mult Parameter Settings by Entity Instance                                     ;
+---------------------------------------+--------------------------------------------+
; Name                                  ; Value                                      ;
+---------------------------------------+--------------------------------------------+
; Number of entity instances            ; 1                                          ;
; Entity Instance                       ; Multiply:inst9|lpm_mult:lpm_mult_component ;
;     -- LPM_WIDTHA                     ; 20                                         ;
;     -- LPM_WIDTHB                     ; 20                                         ;
;     -- LPM_WIDTHP                     ; 40                                         ;
;     -- LPM_REPRESENTATION             ; UNSIGNED                                   ;
;     -- INPUT_A_IS_CONSTANT            ; NO                                         ;
;     -- INPUT_B_IS_CONSTANT            ; YES                                        ;
;     -- USE_EAB                        ; OFF                                        ;
;     -- DEDICATED_MULTIPLIER_CIRCUITRY ; AUTO                                       ;
;     -- INPUT_A_FIXED_VALUE            ; Bx                                         ;
;     -- INPUT_B_FIXED_VALUE            ; Bx                                         ;
+---------------------------------------+--------------------------------------------+


+-----------------------------------------------------+
; Post-Synthesis Netlist Statistics for Top Partition ;
+-----------------------+-----------------------------+
; Type                  ; Count                       ;
+-----------------------+-----------------------------+
; arriav_ff             ; 72                          ;
;     CLR               ; 32                          ;
;     ENA SLD           ; 20                          ;
;     SLD               ; 20                          ;
; arriav_lcell_comb     ; 135                         ;
;     arith             ; 90                          ;
;         0 data inputs ; 2                           ;
;         1 data inputs ; 69                          ;
;         2 data inputs ; 19                          ;
;     normal            ; 45                          ;
;         0 data inputs ; 1                           ;
;         1 data inputs ; 1                           ;
;         2 data inputs ; 7                           ;
;         3 data inputs ; 3                           ;
;         4 data inputs ; 5                           ;
;         5 data inputs ; 5                           ;
;         6 data inputs ; 23                          ;
; arriav_mac            ; 1                           ;
; boundary_port         ; 5                           ;
;                       ;                             ;
; Max LUT depth         ; 5.40                        ;
; Average LUT depth     ; 3.53                        ;
+-----------------------+-----------------------------+


+-------------------------------+
; Elapsed Time Per Partition    ;
+----------------+--------------+
; Partition Name ; Elapsed Time ;
+----------------+--------------+
; Top            ; 00:00:00     ;
+----------------+--------------+


+-------------------------------+
; Analysis & Synthesis Messages ;
+-------------------------------+
Info: *******************************************************************
Info: Running Quartus Prime Analysis & Synthesis
    Info: Version 18.1.0 Build 625 09/12/2018 SJ Lite Edition
    Info: Processing started: Thu Oct 12 18:21:25 2023
Info: Command: quartus_map --read_settings_files=on --write_settings_files=off OneServo -c OneServo
Warning (18236): Number of processors has not been specified which may cause overloading on shared machines.  Set the global assignment NUM_PARALLEL_PROCESSORS in your QSF to an appropriate value for best performance.
Info (20030): Parallel compilation is enabled and will use 16 of the 16 processors detected
Info (12021): Found 1 design units, including 1 entities, in source file pwm_period.v
    Info (12023): Found entity 1: pwm_period File: C:/Users/Mark/OneDrive - Northeastern University/Embeded/Lab/Lab 5/OneServo/pwm_period.v Line: 39
Info (12021): Found 1 design units, including 1 entities, in source file dutycyclecomparator.v
    Info (12023): Found entity 1: DutyCycleComparator File: C:/Users/Mark/OneDrive - Northeastern University/Embeded/Lab/Lab 5/OneServo/DutyCycleComparator.v Line: 39
Info (12021): Found 1 design units, including 1 entities, in source file dutycycle.v
    Info (12023): Found entity 1: DutyCycle File: C:/Users/Mark/OneDrive - Northeastern University/Embeded/Lab/Lab 5/OneServo/DutyCycle.v Line: 39
Info (12021): Found 1 design units, including 1 entities, in source file oneservo.bdf
    Info (12023): Found entity 1: OneServo
Info (12021): Found 1 design units, including 1 entities, in source file degreecounter.v
    Info (12023): Found entity 1: DegreeCounter File: C:/Users/Mark/OneDrive - Northeastern University/Embeded/Lab/Lab 5/OneServo/DegreeCounter.v Line: 39
Info (12021): Found 1 design units, including 1 entities, in source file add.v
    Info (12023): Found entity 1: Add File: C:/Users/Mark/OneDrive - Northeastern University/Embeded/Lab/Lab 5/OneServo/Add.v Line: 39
Info (12021): Found 1 design units, including 1 entities, in source file multiply.v
    Info (12023): Found entity 1: Multiply File: C:/Users/Mark/OneDrive - Northeastern University/Embeded/Lab/Lab 5/OneServo/Multiply.v Line: 39
Info (12021): Found 1 design units, including 1 entities, in source file compare18.v
    Info (12023): Found entity 1: Compare18 File: C:/Users/Mark/OneDrive - Northeastern University/Embeded/Lab/Lab 5/OneServo/Compare18.v Line: 39
Info (12021): Found 1 design units, including 1 entities, in source file compare0.v
    Info (12023): Found entity 1: Compare0 File: C:/Users/Mark/OneDrive - Northeastern University/Embeded/Lab/Lab 5/OneServo/Compare0.v Line: 39
Info (12127): Elaborating entity "OneServo" for the top level hierarchy
Warning (275089): Not all bits in bus "SW[9..1]" are used
Warning (275080): Converted elements in bus name "SW" using legacy naming rules. Make any assignments on the new names, not on the original names.
    Warning (275081): Converted element name(s) from "SW[1]" to "SW1"
    Warning (275081): Converted element name(s) from "SW[9]" to "SW9"
Info (12128): Elaborating entity "DutyCycleComparator" for hierarchy "DutyCycleComparator:compare"
Info (12128): Elaborating entity "lpm_compare" for hierarchy "DutyCycleComparator:compare|lpm_compare:LPM_COMPARE_component" File: C:/Users/Mark/OneDrive - Northeastern University/Embeded/Lab/Lab 5/OneServo/DutyCycleComparator.v Line: 62
Info (12130): Elaborated megafunction instantiation "DutyCycleComparator:compare|lpm_compare:LPM_COMPARE_component" File: C:/Users/Mark/OneDrive - Northeastern University/Embeded/Lab/Lab 5/OneServo/DutyCycleComparator.v Line: 62
Info (12133): Instantiated megafunction "DutyCycleComparator:compare|lpm_compare:LPM_COMPARE_component" with the following parameter: File: C:/Users/Mark/OneDrive - Northeastern University/Embeded/Lab/Lab 5/OneServo/DutyCycleComparator.v Line: 62
    Info (12134): Parameter "lpm_representation" = "UNSIGNED"
    Info (12134): Parameter "lpm_type" = "LPM_COMPARE"
    Info (12134): Parameter "lpm_width" = "20"
Info (12021): Found 1 design units, including 1 entities, in source file db/cmpr_2gg.tdf
    Info (12023): Found entity 1: cmpr_2gg File: C:/Users/Mark/OneDrive - Northeastern University/Embeded/Lab/Lab 5/OneServo/db/cmpr_2gg.tdf Line: 22
Info (12128): Elaborating entity "cmpr_2gg" for hierarchy "DutyCycleComparator:compare|lpm_compare:LPM_COMPARE_component|cmpr_2gg:auto_generated" File: d:/intelfpga_lite/18.1/quartus/libraries/megafunctions/lpm_compare.tdf Line: 280
Info (12128): Elaborating entity "pwm_period" for hierarchy "pwm_period:counter1"
Info (12128): Elaborating entity "lpm_counter" for hierarchy "pwm_period:counter1|lpm_counter:LPM_COUNTER_component" File: C:/Users/Mark/OneDrive - Northeastern University/Embeded/Lab/Lab 5/OneServo/pwm_period.v Line: 64
Info (12130): Elaborated megafunction instantiation "pwm_period:counter1|lpm_counter:LPM_COUNTER_component" File: C:/Users/Mark/OneDrive - Northeastern University/Embeded/Lab/Lab 5/OneServo/pwm_period.v Line: 64
Info (12133): Instantiated megafunction "pwm_period:counter1|lpm_counter:LPM_COUNTER_component" with the following parameter: File: C:/Users/Mark/OneDrive - Northeastern University/Embeded/Lab/Lab 5/OneServo/pwm_period.v Line: 64
    Info (12134): Parameter "lpm_direction" = "UP"
    Info (12134): Parameter "lpm_modulus" = "1000000"
    Info (12134): Parameter "lpm_port_updown" = "PORT_UNUSED"
    Info (12134): Parameter "lpm_type" = "LPM_COUNTER"
    Info (12134): Parameter "lpm_width" = "20"
Info (12021): Found 1 design units, including 1 entities, in source file db/cntr_96j.tdf
    Info (12023): Found entity 1: cntr_96j File: C:/Users/Mark/OneDrive - Northeastern University/Embeded/Lab/Lab 5/OneServo/db/cntr_96j.tdf Line: 27
Info (12128): Elaborating entity "cntr_96j" for hierarchy "pwm_period:counter1|lpm_counter:LPM_COUNTER_component|cntr_96j:auto_generated" File: d:/intelfpga_lite/18.1/quartus/libraries/megafunctions/lpm_counter.tdf Line: 258
Info (12021): Found 1 design units, including 1 entities, in source file db/cmpr_qac.tdf
    Info (12023): Found entity 1: cmpr_qac File: C:/Users/Mark/OneDrive - Northeastern University/Embeded/Lab/Lab 5/OneServo/db/cmpr_qac.tdf Line: 22
Info (12128): Elaborating entity "cmpr_qac" for hierarchy "pwm_period:counter1|lpm_counter:LPM_COUNTER_component|cntr_96j:auto_generated|cmpr_qac:cmpr1" File: C:/Users/Mark/OneDrive - Northeastern University/Embeded/Lab/Lab 5/OneServo/db/cntr_96j.tdf Line: 34
Info (12128): Elaborating entity "Add" for hierarchy "Add:inst"
Info (12128): Elaborating entity "lpm_add_sub" for hierarchy "Add:inst|lpm_add_sub:LPM_ADD_SUB_component" File: C:/Users/Mark/OneDrive - Northeastern University/Embeded/Lab/Lab 5/OneServo/Add.v Line: 64
Info (12130): Elaborated megafunction instantiation "Add:inst|lpm_add_sub:LPM_ADD_SUB_component" File: C:/Users/Mark/OneDrive - Northeastern University/Embeded/Lab/Lab 5/OneServo/Add.v Line: 64
Info (12133): Instantiated megafunction "Add:inst|lpm_add_sub:LPM_ADD_SUB_component" with the following parameter: File: C:/Users/Mark/OneDrive - Northeastern University/Embeded/Lab/Lab 5/OneServo/Add.v Line: 64
    Info (12134): Parameter "lpm_direction" = "ADD"
    Info (12134): Parameter "lpm_hint" = "ONE_INPUT_IS_CONSTANT=YES,CIN_USED=NO"
    Info (12134): Parameter "lpm_representation" = "UNSIGNED"
    Info (12134): Parameter "lpm_type" = "LPM_ADD_SUB"
    Info (12134): Parameter "lpm_width" = "20"
Info (12021): Found 1 design units, including 1 entities, in source file db/add_sub_emh.tdf
    Info (12023): Found entity 1: add_sub_emh File: C:/Users/Mark/OneDrive - Northeastern University/Embeded/Lab/Lab 5/OneServo/db/add_sub_emh.tdf Line: 22
Info (12128): Elaborating entity "add_sub_emh" for hierarchy "Add:inst|lpm_add_sub:LPM_ADD_SUB_component|add_sub_emh:auto_generated" File: d:/intelfpga_lite/18.1/quartus/libraries/megafunctions/lpm_add_sub.tdf Line: 118
Info (12128): Elaborating entity "Multiply" for hierarchy "Multiply:inst9"
Info (12128): Elaborating entity "lpm_mult" for hierarchy "Multiply:inst9|lpm_mult:lpm_mult_component" File: C:/Users/Mark/OneDrive - Northeastern University/Embeded/Lab/Lab 5/OneServo/Multiply.v Line: 58
Info (12130): Elaborated megafunction instantiation "Multiply:inst9|lpm_mult:lpm_mult_component" File: C:/Users/Mark/OneDrive - Northeastern University/Embeded/Lab/Lab 5/OneServo/Multiply.v Line: 58
Info (12133): Instantiated megafunction "Multiply:inst9|lpm_mult:lpm_mult_component" with the following parameter: File: C:/Users/Mark/OneDrive - Northeastern University/Embeded/Lab/Lab 5/OneServo/Multiply.v Line: 58
    Info (12134): Parameter "lpm_hint" = "INPUT_B_IS_CONSTANT=YES,MAXIMIZE_SPEED=5"
    Info (12134): Parameter "lpm_representation" = "UNSIGNED"
    Info (12134): Parameter "lpm_type" = "LPM_MULT"
    Info (12134): Parameter "lpm_widtha" = "20"
    Info (12134): Parameter "lpm_widthb" = "20"
    Info (12134): Parameter "lpm_widthp" = "40"
Info (12021): Found 1 design units, including 1 entities, in source file db/mult_6np.v
    Info (12023): Found entity 1: mult_6np File: C:/Users/Mark/OneDrive - Northeastern University/Embeded/Lab/Lab 5/OneServo/db/mult_6np.v Line: 28
Info (12128): Elaborating entity "mult_6np" for hierarchy "Multiply:inst9|lpm_mult:lpm_mult_component|mult_6np:auto_generated" File: d:/intelfpga_lite/18.1/quartus/libraries/megafunctions/lpm_mult.tdf Line: 376
Info (12128): Elaborating entity "DegreeCounter" for hierarchy "DegreeCounter:counter2"
Info (12128): Elaborating entity "lpm_counter" for hierarchy "DegreeCounter:counter2|lpm_counter:LPM_COUNTER_component" File: C:/Users/Mark/OneDrive - Northeastern University/Embeded/Lab/Lab 5/OneServo/DegreeCounter.v Line: 68
Info (12130): Elaborated megafunction instantiation "DegreeCounter:counter2|lpm_counter:LPM_COUNTER_component" File: C:/Users/Mark/OneDrive - Northeastern University/Embeded/Lab/Lab 5/OneServo/DegreeCounter.v Line: 68
Info (12133): Instantiated megafunction "DegreeCounter:counter2|lpm_counter:LPM_COUNTER_component" with the following parameter: File: C:/Users/Mark/OneDrive - Northeastern University/Embeded/Lab/Lab 5/OneServo/DegreeCounter.v Line: 68
    Info (12134): Parameter "lpm_direction" = "UNUSED"
    Info (12134): Parameter "lpm_modulus" = "19"
    Info (12134): Parameter "lpm_port_updown" = "PORT_USED"
    Info (12134): Parameter "lpm_type" = "LPM_COUNTER"
    Info (12134): Parameter "lpm_width" = "20"
Info (12021): Found 1 design units, including 1 entities, in source file db/cntr_4bi.tdf
    Info (12023): Found entity 1: cntr_4bi File: C:/Users/Mark/OneDrive - Northeastern University/Embeded/Lab/Lab 5/OneServo/db/cntr_4bi.tdf Line: 27
Info (12128): Elaborating entity "cntr_4bi" for hierarchy "DegreeCounter:counter2|lpm_counter:LPM_COUNTER_component|cntr_4bi:auto_generated" File: d:/intelfpga_lite/18.1/quartus/libraries/megafunctions/lpm_counter.tdf Line: 258
Warning (12125): Using design file debounce_p.bdf, which is not specified as a design file for the current project, but contains definitions for 1 design units and 1 entities in project
    Info (12023): Found entity 1: debounce_p
Info (12128): Elaborating entity "debounce_p" for hierarchy "debounce_p:inst4"
Warning (12125): Using design file compare.v, which is not specified as a design file for the current project, but contains definitions for 1 design units and 1 entities in project
    Info (12023): Found entity 1: Compare File: C:/Users/Mark/OneDrive - Northeastern University/Embeded/Lab/Lab 5/OneServo/compare.v Line: 39
Info (12128): Elaborating entity "Compare" for hierarchy "debounce_p:inst4|Compare:inst3"
Info (12128): Elaborating entity "lpm_compare" for hierarchy "debounce_p:inst4|Compare:inst3|lpm_compare:LPM_COMPARE_component" File: C:/Users/Mark/OneDrive - Northeastern University/Embeded/Lab/Lab 5/OneServo/compare.v Line: 61
Info (12130): Elaborated megafunction instantiation "debounce_p:inst4|Compare:inst3|lpm_compare:LPM_COMPARE_component" File: C:/Users/Mark/OneDrive - Northeastern University/Embeded/Lab/Lab 5/OneServo/compare.v Line: 61
Info (12133): Instantiated megafunction "debounce_p:inst4|Compare:inst3|lpm_compare:LPM_COMPARE_component" with the following parameter: File: C:/Users/Mark/OneDrive - Northeastern University/Embeded/Lab/Lab 5/OneServo/compare.v Line: 61
    Info (12134): Parameter "lpm_hint" = "ONE_INPUT_IS_CONSTANT=YES"
    Info (12134): Parameter "lpm_representation" = "UNSIGNED"
    Info (12134): Parameter "lpm_type" = "LPM_COMPARE"
    Info (12134): Parameter "lpm_width" = "32"
Info (12021): Found 1 design units, including 1 entities, in source file db/cmpr_56j.tdf
    Info (12023): Found entity 1: cmpr_56j File: C:/Users/Mark/OneDrive - Northeastern University/Embeded/Lab/Lab 5/OneServo/db/cmpr_56j.tdf Line: 22
Info (12128): Elaborating entity "cmpr_56j" for hierarchy "debounce_p:inst4|Compare:inst3|lpm_compare:LPM_COMPARE_component|cmpr_56j:auto_generated" File: d:/intelfpga_lite/18.1/quartus/libraries/megafunctions/lpm_compare.tdf Line: 280
Warning (12125): Using design file counter32.v, which is not specified as a design file for the current project, but contains definitions for 1 design units and 1 entities in project
    Info (12023): Found entity 1: Counter32 File: C:/Users/Mark/OneDrive - Northeastern University/Embeded/Lab/Lab 5/OneServo/counter32.v Line: 39
Info (12128): Elaborating entity "Counter32" for hierarchy "debounce_p:inst4|Counter32:CounterA"
Info (12128): Elaborating entity "lpm_counter" for hierarchy "debounce_p:inst4|Counter32:CounterA|lpm_counter:LPM_COUNTER_component" File: C:/Users/Mark/OneDrive - Northeastern University/Embeded/Lab/Lab 5/OneServo/counter32.v Line: 68
Info (12130): Elaborated megafunction instantiation "debounce_p:inst4|Counter32:CounterA|lpm_counter:LPM_COUNTER_component" File: C:/Users/Mark/OneDrive - Northeastern University/Embeded/Lab/Lab 5/OneServo/counter32.v Line: 68
Info (12133): Instantiated megafunction "debounce_p:inst4|Counter32:CounterA|lpm_counter:LPM_COUNTER_component" with the following parameter: File: C:/Users/Mark/OneDrive - Northeastern University/Embeded/Lab/Lab 5/OneServo/counter32.v Line: 68
    Info (12134): Parameter "lpm_direction" = "UP"
    Info (12134): Parameter "lpm_port_updown" = "PORT_UNUSED"
    Info (12134): Parameter "lpm_type" = "LPM_COUNTER"
    Info (12134): Parameter "lpm_width" = "32"
Info (12021): Found 1 design units, including 1 entities, in source file db/cntr_6mi.tdf
    Info (12023): Found entity 1: cntr_6mi File: C:/Users/Mark/OneDrive - Northeastern University/Embeded/Lab/Lab 5/OneServo/db/cntr_6mi.tdf Line: 25
Info (12128): Elaborating entity "cntr_6mi" for hierarchy "debounce_p:inst4|Counter32:CounterA|lpm_counter:LPM_COUNTER_component|cntr_6mi:auto_generated" File: d:/intelfpga_lite/18.1/quartus/libraries/megafunctions/lpm_counter.tdf Line: 258
Info (12128): Elaborating entity "Compare0" for hierarchy "Compare0:inst10"
Info (12128): Elaborating entity "lpm_compare" for hierarchy "Compare0:inst10|lpm_compare:LPM_COMPARE_component" File: C:/Users/Mark/OneDrive - Northeastern University/Embeded/Lab/Lab 5/OneServo/Compare0.v Line: 61
Info (12130): Elaborated megafunction instantiation "Compare0:inst10|lpm_compare:LPM_COMPARE_component" File: C:/Users/Mark/OneDrive - Northeastern University/Embeded/Lab/Lab 5/OneServo/Compare0.v Line: 61
Info (12133): Instantiated megafunction "Compare0:inst10|lpm_compare:LPM_COMPARE_component" with the following parameter: File: C:/Users/Mark/OneDrive - Northeastern University/Embeded/Lab/Lab 5/OneServo/Compare0.v Line: 61
    Info (12134): Parameter "lpm_hint" = "ONE_INPUT_IS_CONSTANT=YES"
    Info (12134): Parameter "lpm_representation" = "UNSIGNED"
    Info (12134): Parameter "lpm_type" = "LPM_COMPARE"
    Info (12134): Parameter "lpm_width" = "20"
Info (12021): Found 1 design units, including 1 entities, in source file db/cmpr_6li.tdf
    Info (12023): Found entity 1: cmpr_6li File: C:/Users/Mark/OneDrive - Northeastern University/Embeded/Lab/Lab 5/OneServo/db/cmpr_6li.tdf Line: 22
Info (12128): Elaborating entity "cmpr_6li" for hierarchy "Compare0:inst10|lpm_compare:LPM_COMPARE_component|cmpr_6li:auto_generated" File: d:/intelfpga_lite/18.1/quartus/libraries/megafunctions/lpm_compare.tdf Line: 280
Info (12128): Elaborating entity "Compare18" for hierarchy "Compare18:inst11"
Info (12128): Elaborating entity "lpm_compare" for hierarchy "Compare18:inst11|lpm_compare:LPM_COMPARE_component" File: C:/Users/Mark/OneDrive - Northeastern University/Embeded/Lab/Lab 5/OneServo/Compare18.v Line: 61
Info (12130): Elaborated megafunction instantiation "Compare18:inst11|lpm_compare:LPM_COMPARE_component" File: C:/Users/Mark/OneDrive - Northeastern University/Embeded/Lab/Lab 5/OneServo/Compare18.v Line: 61
Info (12133): Instantiated megafunction "Compare18:inst11|lpm_compare:LPM_COMPARE_component" with the following parameter: File: C:/Users/Mark/OneDrive - Northeastern University/Embeded/Lab/Lab 5/OneServo/Compare18.v Line: 61
    Info (12134): Parameter "lpm_hint" = "ONE_INPUT_IS_CONSTANT=YES"
    Info (12134): Parameter "lpm_representation" = "UNSIGNED"
    Info (12134): Parameter "lpm_type" = "LPM_COMPARE"
    Info (12134): Parameter "lpm_width" = "20"
Info (12021): Found 1 design units, including 1 entities, in source file db/cmpr_26j.tdf
    Info (12023): Found entity 1: cmpr_26j File: C:/Users/Mark/OneDrive - Northeastern University/Embeded/Lab/Lab 5/OneServo/db/cmpr_26j.tdf Line: 22
Info (12128): Elaborating entity "cmpr_26j" for hierarchy "Compare18:inst11|lpm_compare:LPM_COMPARE_component|cmpr_26j:auto_generated" File: d:/intelfpga_lite/18.1/quartus/libraries/megafunctions/lpm_compare.tdf Line: 280
Info (286030): Timing-Driven Synthesis is running
Info (16010): Generating hard_block partition "hard_block:auto_generated_inst"
    Info (16011): Adding 0 node(s), including 0 DDIO, 0 PLL, 0 transceiver and 0 LCELL
Info (21057): Implemented 141 device resources after synthesis - the final resource count might be different
    Info (21058): Implemented 4 input pins
    Info (21059): Implemented 1 output pins
    Info (21061): Implemented 135 logic cells
    Info (21062): Implemented 1 DSP elements
Info: Quartus Prime Analysis & Synthesis was successful. 0 errors, 8 warnings
    Info: Peak virtual memory: 4921 megabytes
    Info: Processing ended: Thu Oct 12 18:21:39 2023
    Info: Elapsed time: 00:00:14
    Info: Total CPU time (on all processors): 00:00:11


