Flow report for OneServo
Thu Oct 12 18:22:38 2023
Quartus Prime Version 18.1.0 Build 625 09/12/2018 SJ Lite Edition


---------------------
; Table of Contents ;
---------------------
  1. Legal Notice
  2. Flow Summary
  3. Flow Settings
  4. Flow Non-Default Global Settings
  5. Flow Elapsed Time
  6. Flow OS Summary
  7. Flow Log
  8. Flow Messages
  9. Flow Suppressed Messages



----------------
; Legal Notice ;
----------------
Copyright (C) 2018  Intel Corporation. All rights reserved.
Your use of Intel Corporation's design tools, logic functions 
and other software and tools, and its AMPP partner logic 
functions, and any output files from any of the foregoing 
(including device programming or simulation files), and any 
associated documentation or information are expressly subject 
to the terms and conditions of the Intel Program License 
Subscription Agreement, the Intel Quartus Prime License Agreement,
the Intel FPGA IP License Agreement, or other applicable license
agreement, including, without limitation, that your use is for
the sole purpose of programming logic devices manufactured by
Intel and sold by Intel or its authorized distributors.  Please
refer to the applicable agreement for further details.



+-------------------------------------------------------------------------------+
; Flow Summary                                                                  ;
+---------------------------------+---------------------------------------------+
; Flow Status                     ; Successful - Thu Oct 12 18:22:32 2023       ;
; Quartus Prime Version           ; 18.1.0 Build 625 09/12/2018 SJ Lite Edition ;
; Revision Name                   ; OneServo                                    ;
; Top-level Entity Name           ; OneServo                                    ;
; Family                          ; Cyclone V                                   ;
; Device                          ; 5CSEMA5F31C6                                ;
; Timing Models                   ; Final                                       ;
; Logic utilization (in ALMs)     ; 79 / 32,070 ( < 1 % )                       ;
; Total registers                 ; 95                                          ;
; Total pins                      ; 5 / 457 ( 1 % )                             ;
; Total virtual pins              ; 0                                           ;
; Total block memory bits         ; 0 / 4,065,280 ( 0 % )                       ;
; Total DSP Blocks                ; 1 / 87 ( 1 % )                              ;
; Total HSSI RX PCSs              ; 0                                           ;
; Total HSSI PMA RX Deserializers ; 0                                           ;
; Total HSSI TX PCSs              ; 0                                           ;
; Total HSSI PMA TX Serializers   ; 0                                           ;
; Total PLLs                      ; 0 / 6 ( 0 % )                               ;
; Total DLLs                      ; 0 / 4 ( 0 % )                               ;
+---------------------------------+---------------------------------------------+


+-----------------------------------------+
; Flow Settings                           ;
+-------------------+---------------------+
; Option            ; Setting             ;
+-------------------+---------------------+
; Start date & time ; 10/12/2023 18:21:26 ;
; Main task         ; Compilation         ;
; Revision Name     ; OneServo            ;
+-------------------+---------------------+


+-------------------------------------------------------------------------------------------------------------------------+
; Flow Non-Default Global Settings                                                                                        ;
+-------------------------------------+----------------------------------------+---------------+-------------+------------+
; Assignment Name                     ; Value                                  ; Default Value ; Entity Name ; Section Id ;
+-------------------------------------+----------------------------------------+---------------+-------------+------------+
; COMPILER_SIGNATURE_ID               ; 150241220802341.169714928609036        ; --            ; --          ; --         ;
; MAX_CORE_JUNCTION_TEMP              ; 85                                     ; --            ; --          ; --         ;
; MIN_CORE_JUNCTION_TEMP              ; 0                                      ; --            ; --          ; --         ;
; MISC_FILE                           ; pwm_period.bsf                         ; --            ; --          ; --         ;
; MISC_FILE                           ; pwm_period_inst.v                      ; --            ; --          ; --         ;
; MISC_FILE                           ; pwm_period_bb.v                        ; --            ; --          ; --         ;
; MISC_FILE                           ; pwm_period.inc                         ; --            ; --          ; --         ;
; MISC_FILE                           ; pwm_period.cmp                         ; --            ; --          ; --         ;
; MISC_FILE                           ; DutyCycleComparator.bsf                ; --            ; --          ; --         ;
; MISC_FILE                           ; DutyCycleComparator_inst.v             ; --            ; --          ; --         ;
; MISC_FILE                           ; DutyCycleComparator_bb.v               ; --            ; --          ; --         ;
; MISC_FILE                           ; DutyCycleComparator.inc                ; --            ; --          ; --         ;
; MISC_FILE                           ; DutyCycleComparator.cmp                ; --            ; --          ; --         ;
; MISC_FILE                           ; DutyCycle.bsf                          ; --            ; --          ; --         ;
; MISC_FILE                           ; DutyCycle_inst.v                       ; --            ; --          ; --         ;
; MISC_FILE                           ; DutyCycle_bb.v                         ; --            ; --          ; --         ;
; MISC_FILE                           ; DutyCycle.inc                          ; --            ; --          ; --         ;
; MISC_FILE                           ; DutyCycle.cmp                          ; --            ; --          ; --         ;
; MISC_FILE                           ; DegreeCounter.bsf                      ; --            ; --          ; --         ;
; MISC_FILE                           ; DegreeCounter_inst.v                   ; --            ; --          ; --         ;
; MISC_FILE                           ; DegreeCounter_bb.v                     ; --            ; --          ; --         ;
; MISC_FILE                           ; DegreeCounter.inc                      ; --            ; --          ; --         ;
; MISC_FILE                           ; DegreeCounter.cmp                      ; --            ; --          ; --         ;
; MISC_FILE                           ; Add.bsf                                ; --            ; --          ; --         ;
; MISC_FILE                           ; Add_inst.v                             ; --            ; --          ; --         ;
; MISC_FILE                           ; Add_bb.v                               ; --            ; --          ; --         ;
; MISC_FILE                           ; Add.inc                                ; --            ; --          ; --         ;
; MISC_FILE                           ; Add.cmp                                ; --            ; --          ; --         ;
; MISC_FILE                           ; Multiply.bsf                           ; --            ; --          ; --         ;
; MISC_FILE                           ; Multiply_inst.v                        ; --            ; --          ; --         ;
; MISC_FILE                           ; Multiply_bb.v                          ; --            ; --          ; --         ;
; MISC_FILE                           ; Multiply.inc                           ; --            ; --          ; --         ;
; MISC_FILE                           ; Multiply.cmp                           ; --            ; --          ; --         ;
; MISC_FILE                           ; Compare18.bsf                          ; --            ; --          ; --         ;
; MISC_FILE                           ; Compare18_inst.v                       ; --            ; --          ; --         ;
; MISC_FILE                           ; Compare18_bb.v                         ; --            ; --          ; --         ;
; MISC_FILE                           ; Compare18.inc                          ; --            ; --          ; --         ;
; MISC_FILE                           ; Compare18.cmp                          ; --            ; --          ; --         ;
; MISC_FILE                           ; Compare0.bsf                           ; --            ; --          ; --         ;
; MISC_FILE                           ; Compare0_inst.v                        ; --            ; --          ; --         ;
; MISC_FILE                           ; Compare0_bb.v                          ; --            ; --          ; --         ;
; MISC_FILE                           ; Compare0.inc                           ; --            ; --          ; --         ;
; MISC_FILE                           ; Compare0.cmp                           ; --            ; --          ; --         ;
; PARTITION_COLOR                     ; -- (Not supported for targeted family) ; --            ; --          ; Top        ;
; PARTITION_FITTER_PRESERVATION_LEVEL ; -- (Not supported for targeted family) ; --            ; --          ; Top        ;
; PARTITION_NETLIST_TYPE              ; -- (Not supported for targeted family) ; --            ; --          ; Top        ;
; POWER_BOARD_THERMAL_MODEL           ; None (CONSERVATIVE)                    ; --            ; --          ; --         ;
; POWER_PRESET_COOLING_SOLUTION       ; 23 MM HEAT SINK WITH 200 LFPM AIRFLOW  ; --            ; --          ; --         ;
; PROJECT_OUTPUT_DIRECTORY            ; output_files                           ; --            ; --          ; --         ;
+-------------------------------------+----------------------------------------+---------------+-------------+------------+


+--------------------------------------------------------------------------------------------------------------------------+
; Flow Elapsed Time                                                                                                        ;
+----------------------+--------------+-------------------------+---------------------+------------------------------------+
; Module Name          ; Elapsed Time ; Average Processors Used ; Peak Virtual Memory ; Total CPU Time (on all processors) ;
+----------------------+--------------+-------------------------+---------------------+------------------------------------+
; Analysis & Synthesis ; 00:00:13     ; 1.0                     ; 4921 MB             ; 00:00:11                           ;
; Fitter               ; 00:00:43     ; 1.0                     ; 7965 MB             ; 00:01:47                           ;
; Assembler            ; 00:00:09     ; 1.0                     ; 4835 MB             ; 00:00:04                           ;
; Timing Analyzer      ; 00:00:05     ; 1.4                     ; 5279 MB             ; 00:00:03                           ;
; Total                ; 00:01:10     ; --                      ; --                  ; 00:02:05                           ;
+----------------------+--------------+-------------------------+---------------------+------------------------------------+


+------------------------------------------------------------------------------------+
; Flow OS Summary                                                                    ;
+----------------------+------------------+------------+------------+----------------+
; Module Name          ; Machine Hostname ; OS Name    ; OS Version ; Processor type ;
+----------------------+------------------+------------+------------+----------------+
; Analysis & Synthesis ; LEGION7-R9000P   ; Windows 10 ; 10.0       ; x86_64         ;
; Fitter               ; LEGION7-R9000P   ; Windows 10 ; 10.0       ; x86_64         ;
; Assembler            ; LEGION7-R9000P   ; Windows 10 ; 10.0       ; x86_64         ;
; Timing Analyzer      ; LEGION7-R9000P   ; Windows 10 ; 10.0       ; x86_64         ;
+----------------------+------------------+------------+------------+----------------+


------------
; Flow Log ;
------------
quartus_map --read_settings_files=on --write_settings_files=off OneServo -c OneServo
quartus_fit --read_settings_files=off --write_settings_files=off OneServo -c OneServo
quartus_asm --read_settings_files=off --write_settings_files=off OneServo -c OneServo
quartus_sta OneServo -c OneServo



