Flow report for CascadeCounters
Thu Oct 05 09:56:33 2023
Quartus Prime Version 18.1.0 Build 625 09/12/2018 SJ Lite Edition


---------------------
; Table of Contents ;
---------------------
  1. Legal Notice
  2. Flow Summary
  3. Flow Settings
  4. Flow Non-Default Global Settings
  5. Flow Elapsed Time
  6. Flow OS Summary
  7. Flow Log
  8. Flow Messages
  9. Flow Suppressed Messages



----------------
; Legal Notice ;
----------------
Copyright (C) 2018  Intel Corporation. All rights reserved.
Your use of Intel Corporation's design tools, logic functions 
and other software and tools, and its AMPP partner logic 
functions, and any output files from any of the foregoing 
(including device programming or simulation files), and any 
associated documentation or information are expressly subject 
to the terms and conditions of the Intel Program License 
Subscription Agreement, the Intel Quartus Prime License Agreement,
the Intel FPGA IP License Agreement, or other applicable license
agreement, including, without limitation, that your use is for
the sole purpose of programming logic devices manufactured by
Intel and sold by Intel or its authorized distributors.  Please
refer to the applicable agreement for further details.



+-------------------------------------------------------------------------------+
; Flow Summary                                                                  ;
+---------------------------------+---------------------------------------------+
; Flow Status                     ; Successful - Thu Oct 05 09:56:29 2023       ;
; Quartus Prime Version           ; 18.1.0 Build 625 09/12/2018 SJ Lite Edition ;
; Revision Name                   ; CascadeCounters                             ;
; Top-level Entity Name           ; CascadeCounters                             ;
; Family                          ; Cyclone V                                   ;
; Device                          ; 5CSEMA5F31C6                                ;
; Timing Models                   ; Final                                       ;
; Logic utilization (in ALMs)     ; 112 / 32,070 ( < 1 % )                      ;
; Total registers                 ; 122                                         ;
; Total pins                      ; 34 / 457 ( 7 % )                            ;
; Total virtual pins              ; 0                                           ;
; Total block memory bits         ; 0 / 4,065,280 ( 0 % )                       ;
; Total DSP Blocks                ; 0 / 87 ( 0 % )                              ;
; Total HSSI RX PCSs              ; 0                                           ;
; Total HSSI PMA RX Deserializers ; 0                                           ;
; Total HSSI TX PCSs              ; 0                                           ;
; Total HSSI PMA TX Serializers   ; 0                                           ;
; Total PLLs                      ; 0 / 6 ( 0 % )                               ;
; Total DLLs                      ; 0 / 4 ( 0 % )                               ;
+---------------------------------+---------------------------------------------+


+-----------------------------------------+
; Flow Settings                           ;
+-------------------+---------------------+
; Option            ; Setting             ;
+-------------------+---------------------+
; Start date & time ; 10/05/2023 09:55:45 ;
; Main task         ; Compilation         ;
; Revision Name     ; CascadeCounters     ;
+-------------------+---------------------+


+-------------------------------------------------------------------------------------------------------------------------+
; Flow Non-Default Global Settings                                                                                        ;
+-------------------------------------+----------------------------------------+---------------+-------------+------------+
; Assignment Name                     ; Value                                  ; Default Value ; Entity Name ; Section Id ;
+-------------------------------------+----------------------------------------+---------------+-------------+------------+
; COMPILER_SIGNATURE_ID               ; 150241220802341.169651414428836        ; --            ; --          ; --         ;
; MAX_CORE_JUNCTION_TEMP              ; 85                                     ; --            ; --          ; --         ;
; MIN_CORE_JUNCTION_TEMP              ; 0                                      ; --            ; --          ; --         ;
; MISC_FILE                           ; Counter50M.bsf                         ; --            ; --          ; --         ;
; MISC_FILE                           ; Counter50M_inst.v                      ; --            ; --          ; --         ;
; MISC_FILE                           ; Counter50M_bb.v                        ; --            ; --          ; --         ;
; MISC_FILE                           ; Counter50M.inc                         ; --            ; --          ; --         ;
; MISC_FILE                           ; Counter50M.cmp                         ; --            ; --          ; --         ;
; MISC_FILE                           ; Compare1.bsf                           ; --            ; --          ; --         ;
; MISC_FILE                           ; Compare1_inst.v                        ; --            ; --          ; --         ;
; MISC_FILE                           ; Compare1_bb.v                          ; --            ; --          ; --         ;
; MISC_FILE                           ; Compare1.inc                           ; --            ; --          ; --         ;
; MISC_FILE                           ; Compare1.cmp                           ; --            ; --          ; --         ;
; MISC_FILE                           ; Counter255.bsf                         ; --            ; --          ; --         ;
; MISC_FILE                           ; Counter255_inst.v                      ; --            ; --          ; --         ;
; MISC_FILE                           ; Counter255_bb.v                        ; --            ; --          ; --         ;
; MISC_FILE                           ; Counter255.inc                         ; --            ; --          ; --         ;
; MISC_FILE                           ; Counter255.cmp                         ; --            ; --          ; --         ;
; MISC_FILE                           ; Counter25M.bsf                         ; --            ; --          ; --         ;
; MISC_FILE                           ; Counter25M_inst.v                      ; --            ; --          ; --         ;
; MISC_FILE                           ; Counter25M_bb.v                        ; --            ; --          ; --         ;
; MISC_FILE                           ; Counter25M.inc                         ; --            ; --          ; --         ;
; MISC_FILE                           ; Counter25M.cmp                         ; --            ; --          ; --         ;
; MISC_FILE                           ; Compare25M.bsf                         ; --            ; --          ; --         ;
; MISC_FILE                           ; Compare25M_inst.v                      ; --            ; --          ; --         ;
; MISC_FILE                           ; Compare25M_bb.v                        ; --            ; --          ; --         ;
; MISC_FILE                           ; Compare25M.inc                         ; --            ; --          ; --         ;
; MISC_FILE                           ; Compare25M.cmp                         ; --            ; --          ; --         ;
; PARTITION_COLOR                     ; -- (Not supported for targeted family) ; --            ; --          ; Top        ;
; PARTITION_FITTER_PRESERVATION_LEVEL ; -- (Not supported for targeted family) ; --            ; --          ; Top        ;
; PARTITION_NETLIST_TYPE              ; -- (Not supported for targeted family) ; --            ; --          ; Top        ;
; PROJECT_OUTPUT_DIRECTORY            ; output_files                           ; --            ; --          ; --         ;
+-------------------------------------+----------------------------------------+---------------+-------------+------------+


+--------------------------------------------------------------------------------------------------------------------------+
; Flow Elapsed Time                                                                                                        ;
+----------------------+--------------+-------------------------+---------------------+------------------------------------+
; Module Name          ; Elapsed Time ; Average Processors Used ; Peak Virtual Memory ; Total CPU Time (on all processors) ;
+----------------------+--------------+-------------------------+---------------------+------------------------------------+
; Analysis & Synthesis ; 00:00:09     ; 1.0                     ; 4910 MB             ; 00:00:09                           ;
; Fitter               ; 00:00:28     ; 1.0                     ; 7851 MB             ; 00:01:22                           ;
; Assembler            ; 00:00:05     ; 1.0                     ; 4840 MB             ; 00:00:04                           ;
; Timing Analyzer      ; 00:00:04     ; 1.4                     ; 5282 MB             ; 00:00:04                           ;
; Total                ; 00:00:46     ; --                      ; --                  ; 00:01:39                           ;
+----------------------+--------------+-------------------------+---------------------+------------------------------------+


+------------------------------------------------------------------------------------+
; Flow OS Summary                                                                    ;
+----------------------+------------------+------------+------------+----------------+
; Module Name          ; Machine Hostname ; OS Name    ; OS Version ; Processor type ;
+----------------------+------------------+------------+------------+----------------+
; Analysis & Synthesis ; LEGION7-R9000P   ; Windows 10 ; 10.0       ; x86_64         ;
; Fitter               ; LEGION7-R9000P   ; Windows 10 ; 10.0       ; x86_64         ;
; Assembler            ; LEGION7-R9000P   ; Windows 10 ; 10.0       ; x86_64         ;
; Timing Analyzer      ; LEGION7-R9000P   ; Windows 10 ; 10.0       ; x86_64         ;
+----------------------+------------------+------------+------------+----------------+


------------
; Flow Log ;
------------
quartus_map --read_settings_files=on --write_settings_files=off CascadeCounters -c CascadeCounters
quartus_fit --read_settings_files=off --write_settings_files=off CascadeCounters -c CascadeCounters
quartus_asm --read_settings_files=off --write_settings_files=off CascadeCounters -c CascadeCounters
quartus_sta CascadeCounters -c CascadeCounters



